[  1720.614] 
X.Org X Server 1.21.1.3
X Protocol Version 11, Revision 0
[  1720.618] Current Operating System: Linux okoun 5.15.12-artix1-1 #1 SMP PREEMPT Thu, 30 Dec 2021 11:24:09 +0000 x86_64
[  1720.618] Kernel command line: BOOT_IMAGE=/vmlinuz-linux root=UUID=34de6af7-f17d-4ccd-a8ac-c60b07b7cf70 rw loglevel=3 quiet
[  1720.621]  
[  1720.622] Current version of pixman: 0.40.0
[  1720.624] 	Before reporting problems, check http://wiki.x.org
	to make sure that you have the latest version.
[  1720.624] Markers: (--) probed, (**) from config file, (==) default setting,
	(++) from command line, (!!) notice, (II) informational,
	(WW) warning, (EE) error, (NI) not implemented, (??) unknown.
[  1720.628] (==) Log file: "/home/tomas/.local/share/xorg/Xorg.3.log", Time: Fri Jan  7 11:12:31 2022
[  1720.630] (==) Using config directory: "/etc/X11/xorg.conf.d"
[  1720.631] (==) Using system config directory "/usr/share/X11/xorg.conf.d"
[  1720.631] (==) No Layout section.  Using the first Screen section.
[  1720.631] (==) No screen section available. Using defaults.
[  1720.631] (**) |-->Screen "Default Screen Section" (0)
[  1720.631] (**) |   |-->Monitor "<default monitor>"
[  1720.631] (==) No monitor specified for screen "Default Screen Section".
	Using a default monitor configuration.
[  1720.631] (==) Automatically adding devices
[  1720.631] (==) Automatically enabling devices
[  1720.631] (==) Automatically adding GPU devices
[  1720.631] (==) Automatically binding GPU devices
[  1720.631] (==) Max clients allowed: 256, resource mask: 0x1fffff
[  1720.631] (WW) The directory "/usr/share/fonts/Type1" does not exist.
[  1720.631] 	Entry deleted from font path.
[  1720.631] (WW) The directory "/usr/share/fonts/100dpi" does not exist.
[  1720.631] 	Entry deleted from font path.
[  1720.631] (WW) The directory "/usr/share/fonts/75dpi" does not exist.
[  1720.631] 	Entry deleted from font path.
[  1720.631] (==) FontPath set to:
	/usr/share/fonts/misc,
	/usr/share/fonts/TTF,
	/usr/share/fonts/OTF
[  1720.631] (==) ModulePath set to "/usr/lib/xorg/modules"
[  1720.631] (II) The server relies on udev to provide the list of input devices.
	If no devices become available, reconfigure udev or disable AutoAddDevices.
[  1720.631] (II) Module ABI versions:
[  1720.631] 	X.Org ANSI C Emulation: 0.4
[  1720.631] 	X.Org Video Driver: 25.2
[  1720.631] 	X.Org XInput driver : 24.4
[  1720.631] 	X.Org Server Extension : 10.0
[  1720.632] (++) using VT number 1

[  1720.633] (II) systemd-logind: took control of session /org/freedesktop/login1/session/_34
[  1720.634] (II) xfree86: Adding drm device (/dev/dri/card0)
[  1720.634] (II) Platform probe for /sys/devices/pci0000:00/0000:00:02.0/drm/card0
[  1720.634] (II) systemd-logind: got fd for /dev/dri/card0 226:0 fd 11 paused 0
[  1720.636] (--) PCI:*(0@0:2:0) 8086:1616:17aa:5034 rev 9, Mem @ 0xf0000000/16777216, 0xe0000000/268435456, I/O @ 0x00003000/64, BIOS @ 0x????????/131072
[  1720.636] (WW) Open ACPI failed (/var/run/acpid.socket) (No such file or directory)
[  1720.636] (II) LoadModule: "glx"
[  1720.636] (II) Loading /usr/lib/xorg/modules/extensions/libglx.so
[  1720.637] (II) Module glx: vendor="X.Org Foundation"
[  1720.637] 	compiled for 1.21.1.3, module version = 1.0.0
[  1720.637] 	ABI class: X.Org Server Extension, version 10.0
[  1720.637] (==) Matched intel as autoconfigured driver 0
[  1720.637] (==) Matched modesetting as autoconfigured driver 1
[  1720.637] (==) Matched fbdev as autoconfigured driver 2
[  1720.637] (==) Matched vesa as autoconfigured driver 3
[  1720.637] (==) Assigned the driver to the xf86ConfigLayout
[  1720.637] (II) LoadModule: "intel"
[  1720.637] (WW) Warning, couldn't open module intel
[  1720.637] (EE) Failed to load module "intel" (module does not exist, 0)
[  1720.637] (II) LoadModule: "modesetting"
[  1720.637] (II) Loading /usr/lib/xorg/modules/drivers/modesetting_drv.so
[  1720.640] (II) Module modesetting: vendor="X.Org Foundation"
[  1720.640] 	compiled for 1.21.1.3, module version = 1.21.1
[  1720.640] 	Module class: X.Org Video Driver
[  1720.640] 	ABI class: X.Org Video Driver, version 25.2
[  1720.640] (II) LoadModule: "fbdev"
[  1720.640] (WW) Warning, couldn't open module fbdev
[  1720.640] (EE) Failed to load module "fbdev" (module does not exist, 0)
[  1720.640] (II) LoadModule: "vesa"
[  1720.640] (II) Loading /usr/lib/xorg/modules/drivers/vesa_drv.so
[  1720.641] (II) Module vesa: vendor="X.Org Foundation"
[  1720.641] 	compiled for 1.21.1.1, module version = 2.5.0
[  1720.641] 	Module class: X.Org Video Driver
[  1720.641] 	ABI class: X.Org Video Driver, version 25.2
[  1720.641] (II) modesetting: Driver for Modesetting Kernel Drivers: kms
[  1720.641] (II) VESA: driver for VESA chipsets: vesa
[  1720.641] xf86EnableIO: failed to enable I/O ports 0000-03ff (Operation not permitted)
[  1720.641] (II) modeset(0): using drv /dev/dri/card0
[  1720.641] (WW) VGA arbiter: cannot open kernel arbiter, no multi-card support
[  1720.641] (II) modeset(0): Creating default Display subsection in Screen section
	"Default Screen Section" for depth/fbbpp 24/32
[  1720.641] (==) modeset(0): Depth 24, (==) framebuffer bpp 32
[  1720.641] (==) modeset(0): RGB weight 888
[  1720.641] (==) modeset(0): Default visual is TrueColor
[  1720.641] (II) Loading sub module "glamoregl"
[  1720.641] (II) LoadModule: "glamoregl"
[  1720.641] (II) Loading /usr/lib/xorg/modules/libglamoregl.so
[  1720.644] (II) Module glamoregl: vendor="X.Org Foundation"
[  1720.644] 	compiled for 1.21.1.3, module version = 1.0.1
[  1720.644] 	ABI class: X.Org ANSI C Emulation, version 0.4
[  1720.668] (II) modeset(0): glamor X acceleration enabled on Mesa Intel(R) HD Graphics 5500 (BDW GT2)
[  1720.668] (II) modeset(0): glamor initialized
[  1720.668] (==) modeset(0): VariableRefresh: disabled
[  1720.668] (==) modeset(0): AsyncFlipSecondaries: disabled
[  1720.669] (II) modeset(0): Output eDP-1 has no monitor section
[  1720.669] (II) modeset(0): Output DP-1 has no monitor section
[  1720.849] (II) modeset(0): Output HDMI-1 has no monitor section
[  1720.849] (II) modeset(0): Output DP-2 has no monitor section
[  1720.850] (II) modeset(0): Output HDMI-2 has no monitor section
[  1720.852] (II) modeset(0): EDID for output eDP-1
[  1720.852] (II) modeset(0): Manufacturer: CMN  Model: 1490  Serial#: 0
[  1720.852] (II) modeset(0): Year: 2013  Week: 40
[  1720.852] (II) modeset(0): EDID Version: 1.4
[  1720.852] (II) modeset(0): Digital Display Input
[  1720.852] (II) modeset(0): 6 bits per channel
[  1720.852] (II) modeset(0): Digital interface is DisplayPort
[  1720.852] (II) modeset(0): Max Image Size [cm]: horiz.: 31  vert.: 17
[  1720.852] (II) modeset(0): Gamma: 2.20
[  1720.852] (II) modeset(0): No DPMS capabilities specified
[  1720.852] (II) modeset(0): Supported color encodings: RGB 4:4:4 
[  1720.852] (II) modeset(0): First detailed timing is preferred mode
[  1720.852] (II) modeset(0): Preferred mode is native pixel format and refresh rate
[  1720.852] (II) modeset(0): redX: 0.575 redY: 0.335   greenX: 0.327 greenY: 0.580
[  1720.852] (II) modeset(0): blueX: 0.157 blueY: 0.137   whiteX: 0.313 whiteY: 0.329
[  1720.852] (II) modeset(0): Manufacturer's mask: 0
[  1720.852] (II) modeset(0): Supported detailed timing:
[  1720.852] (II) modeset(0): clock: 76.4 MHz   Image Size:  309 x 173 mm
[  1720.852] (II) modeset(0): h_active: 1366  h_sync: 1434  h_sync_end 1479 h_blank_end 1592 h_border: 0
[  1720.852] (II) modeset(0): v_active: 768  v_sync: 772  v_sync_end 779 v_blanking: 800 v_border: 0
[  1720.852] (II) modeset(0):  N140BGE-EA3
[  1720.852] (II) modeset(0):  CMN
[  1720.852] (II) modeset(0):  N140BGE-EA3
[  1720.852] (II) modeset(0): EDID (in hex):
[  1720.852] (II) modeset(0): 	00ffffffffffff000dae901400000000
[  1720.852] (II) modeset(0): 	28170104951f1178027e459355539428
[  1720.852] (II) modeset(0): 	23505400000001010101010101010101
[  1720.852] (II) modeset(0): 	010101010101da1d56e250002030442d
[  1720.852] (II) modeset(0): 	470035ad10000018000000fe004e3134
[  1720.852] (II) modeset(0): 	304247452d4541330a20000000fe0043
[  1720.852] (II) modeset(0): 	4d4e0a202020202020202020000000fe
[  1720.852] (II) modeset(0): 	004e3134304247452d4541330a20007e
[  1720.852] (II) modeset(0): Printing probed modes for output eDP-1
[  1720.852] (II) modeset(0): Modeline "1366x768"x60.0   76.42  1366 1434 1479 1592  768 772 779 800 -hsync -vsync (48.0 kHz eP)
[  1720.852] (II) modeset(0): Modeline "1280x720"x120.0  156.12  1280 1376 1512 1744  720 721 724 746 doublescan -hsync +vsync (89.5 kHz d)
[  1720.852] (II) modeset(0): Modeline "1280x720"x120.0  120.75  1280 1304 1320 1360  720 721 724 740 doublescan +hsync -vsync (88.8 kHz d)
[  1720.852] (II) modeset(0): Modeline "1280x720"x59.9   74.50  1280 1344 1472 1664  720 723 728 748 -hsync +vsync (44.8 kHz d)
[  1720.852] (II) modeset(0): Modeline "1280x720"x59.7   63.75  1280 1328 1360 1440  720 723 728 741 +hsync -vsync (44.3 kHz d)
[  1720.852] (II) modeset(0): Modeline "1024x768"x120.1  133.47  1024 1100 1212 1400  768 768 770 794 doublescan -hsync +vsync (95.3 kHz d)
[  1720.852] (II) modeset(0): Modeline "1024x768"x60.0   65.00  1024 1048 1184 1344  768 771 777 806 -hsync -vsync (48.4 kHz d)
[  1720.852] (II) modeset(0): Modeline "960x720"x120.0  117.00  960 1024 1128 1300  720 720 722 750 doublescan -hsync +vsync (90.0 kHz d)
[  1720.852] (II) modeset(0): Modeline "928x696"x120.1  109.15  928 976 1088 1264  696 696 698 719 doublescan -hsync +vsync (86.4 kHz d)
[  1720.852] (II) modeset(0): Modeline "896x672"x120.0  102.40  896 960 1060 1224  672 672 674 697 doublescan -hsync +vsync (83.7 kHz d)
[  1720.852] (II) modeset(0): Modeline "1024x576"x119.9   98.50  1024 1092 1200 1376  576 577 580 597 doublescan -hsync +vsync (71.6 kHz d)
[  1720.852] (II) modeset(0): Modeline "1024x576"x119.9   78.38  1024 1048 1064 1104  576 577 580 592 doublescan +hsync -vsync (71.0 kHz d)
[  1720.852] (II) modeset(0): Modeline "1024x576"x59.9   46.50  1024 1064 1160 1296  576 579 584 599 -hsync +vsync (35.9 kHz d)
[  1720.852] (II) modeset(0): Modeline "1024x576"x59.8   42.00  1024 1072 1104 1184  576 579 584 593 +hsync -vsync (35.5 kHz d)
[  1720.852] (II) modeset(0): Modeline "960x600"x119.9   96.62  960 1028 1128 1296  600 601 604 622 doublescan -hsync +vsync (74.6 kHz d)
[  1720.852] (II) modeset(0): Modeline "960x600"x120.0   77.00  960 984 1000 1040  600 601 604 617 doublescan +hsync -vsync (74.0 kHz d)
[  1720.852] (II) modeset(0): Modeline "960x540"x119.9   86.50  960 1024 1124 1288  540 541 544 560 doublescan -hsync +vsync (67.2 kHz d)
[  1720.852] (II) modeset(0): Modeline "960x540"x120.0   69.25  960 984 1000 1040  540 541 544 555 doublescan +hsync -vsync (66.6 kHz d)
[  1720.852] (II) modeset(0): Modeline "960x540"x59.6   40.75  960 992 1088 1216  540 543 548 562 -hsync +vsync (33.5 kHz d)
[  1720.852] (II) modeset(0): Modeline "960x540"x59.8   37.25  960 1008 1040 1120  540 543 548 556 +hsync -vsync (33.3 kHz d)
[  1720.852] (II) modeset(0): Modeline "800x600"x120.0   81.00  800 832 928 1080  600 600 602 625 doublescan +hsync +vsync (75.0 kHz d)
[  1720.852] (II) modeset(0): Modeline "800x600"x60.3   40.00  800 840 968 1056  600 601 605 628 +hsync +vsync (37.9 kHz d)
[  1720.852] (II) modeset(0): Modeline "800x600"x56.2   36.00  800 824 896 1024  600 601 603 625 +hsync +vsync (35.2 kHz d)
[  1720.852] (II) modeset(0): Modeline "840x525"x120.0   73.12  840 892 980 1120  525 526 529 544 doublescan -hsync +vsync (65.3 kHz d)
[  1720.852] (II) modeset(0): Modeline "840x525"x119.8   59.50  840 864 880 920  525 526 529 540 doublescan +hsync -vsync (64.7 kHz d)
[  1720.852] (II) modeset(0): Modeline "864x486"x59.9   32.50  864 888 968 1072  486 489 494 506 -hsync +vsync (30.3 kHz d)
[  1720.852] (II) modeset(0): Modeline "864x486"x59.6   30.50  864 912 944 1024  486 489 494 500 +hsync -vsync (29.8 kHz d)
[  1720.852] (II) modeset(0): Modeline "700x525"x120.0   61.00  700 744 820 940  525 526 532 541 doublescan +hsync +vsync (64.9 kHz d)
[  1720.852] (II) modeset(0): Modeline "800x450"x119.9   59.12  800 848 928 1056  450 451 454 467 doublescan -hsync +vsync (56.0 kHz d)
[  1720.852] (II) modeset(0): Modeline "800x450"x119.6   48.75  800 824 840 880  450 451 454 463 doublescan +hsync -vsync (55.4 kHz d)
[  1720.852] (II) modeset(0): Modeline "640x512"x120.0   54.00  640 664 720 844  512 512 514 533 doublescan +hsync +vsync (64.0 kHz d)
[  1720.852] (II) modeset(0): Modeline "700x450"x119.9   51.75  700 740 812 924  450 451 456 467 doublescan -hsync +vsync (56.0 kHz d)
[  1720.852] (II) modeset(0): Modeline "700x450"x119.8   43.25  700 724 740 780  450 451 456 463 doublescan +hsync -vsync (55.4 kHz d)
[  1720.852] (II) modeset(0): Modeline "640x480"x120.0   54.00  640 688 744 900  480 480 482 500 doublescan +hsync +vsync (60.0 kHz d)
[  1720.852] (II) modeset(0): Modeline "640x480"x59.9   25.18  640 656 752 800  480 490 492 525 -hsync -vsync (31.5 kHz d)
[  1720.852] (II) modeset(0): Modeline "720x405"x59.5   22.50  720 744 808 896  405 408 413 422 -hsync +vsync (25.1 kHz d)
[  1720.852] (II) modeset(0): Modeline "720x405"x59.0   21.75  720 768 800 880  405 408 413 419 +hsync -vsync (24.7 kHz d)
[  1720.852] (II) modeset(0): Modeline "684x384"x119.8   42.62  684 720 788 892  384 385 390 399 doublescan -hsync +vsync (47.8 kHz d)
[  1720.852] (II) modeset(0): Modeline "684x384"x119.7   36.12  684 708 724 764  384 385 390 395 doublescan +hsync -vsync (47.3 kHz d)
[  1720.852] (II) modeset(0): Modeline "640x400"x119.8   41.75  640 676 740 840  400 401 404 415 doublescan -hsync +vsync (49.7 kHz d)
[  1720.852] (II) modeset(0): Modeline "640x400"x120.0   35.50  640 664 680 720  400 401 404 411 doublescan +hsync -vsync (49.3 kHz d)
[  1720.852] (II) modeset(0): Modeline "640x360"x119.7   37.25  640 672 736 832  360 361 364 374 doublescan -hsync +vsync (44.8 kHz d)
[  1720.852] (II) modeset(0): Modeline "640x360"x119.7   31.88  640 664 680 720  360 361 364 370 doublescan +hsync -vsync (44.3 kHz d)
[  1720.852] (II) modeset(0): Modeline "640x360"x59.8   18.00  640 664 720 800  360 363 368 376 -hsync +vsync (22.5 kHz d)
[  1720.852] (II) modeset(0): Modeline "640x360"x59.3   17.75  640 688 720 800  360 363 368 374 +hsync -vsync (22.2 kHz d)
[  1720.852] (II) modeset(0): Modeline "512x384"x120.0   32.50  512 524 592 672  384 385 388 403 doublescan -hsync -vsync (48.4 kHz d)
[  1720.852] (II) modeset(0): Modeline "512x288"x120.0   23.25  512 532 580 648  288 289 292 299 doublescan -hsync +vsync (35.9 kHz d)
[  1720.852] (II) modeset(0): Modeline "512x288"x119.8   21.00  512 536 552 592  288 289 292 296 doublescan +hsync -vsync (35.5 kHz d)
[  1720.852] (II) modeset(0): Modeline "480x270"x119.3   20.38  480 496 544 608  270 271 274 281 doublescan -hsync +vsync (33.5 kHz d)
[  1720.852] (II) modeset(0): Modeline "480x270"x119.6   18.62  480 504 520 560  270 271 274 278 doublescan +hsync -vsync (33.3 kHz d)
[  1720.852] (II) modeset(0): Modeline "400x300"x120.6   20.00  400 420 484 528  300 300 302 314 doublescan +hsync +vsync (37.9 kHz d)
[  1720.852] (II) modeset(0): Modeline "400x300"x112.7   18.00  400 412 448 512  300 300 301 312 doublescan +hsync +vsync (35.2 kHz d)
[  1720.852] (II) modeset(0): Modeline "432x243"x119.8   16.25  432 444 484 536  243 244 247 253 doublescan -hsync +vsync (30.3 kHz d)
[  1720.852] (II) modeset(0): Modeline "432x243"x119.1   15.25  432 456 472 512  243 244 247 250 doublescan +hsync -vsync (29.8 kHz d)
[  1720.852] (II) modeset(0): Modeline "320x240"x120.1   12.59  320 328 376 400  240 245 246 262 doublescan -hsync -vsync (31.5 kHz d)
[  1720.852] (II) modeset(0): Modeline "360x202"x119.0   11.25  360 372 404 448  202 204 206 211 doublescan -hsync +vsync (25.1 kHz d)
[  1720.852] (II) modeset(0): Modeline "360x202"x118.3   10.88  360 384 400 440  202 204 206 209 doublescan +hsync -vsync (24.7 kHz d)
[  1720.852] (II) modeset(0): Modeline "320x180"x119.7    9.00  320 332 360 400  180 181 184 188 doublescan -hsync +vsync (22.5 kHz d)
[  1720.852] (II) modeset(0): Modeline "320x180"x118.6    8.88  320 344 360 400  180 181 184 187 doublescan +hsync -vsync (22.2 kHz d)
[  1720.852] (II) modeset(0): EDID for output DP-1
[  1721.032] (II) modeset(0): EDID for output HDMI-1
[  1721.032] (II) modeset(0): EDID for output DP-2
[  1721.033] (II) modeset(0): EDID for output HDMI-2
[  1721.033] (II) modeset(0): Output eDP-1 connected
[  1721.033] (II) modeset(0): Output DP-1 disconnected
[  1721.033] (II) modeset(0): Output HDMI-1 disconnected
[  1721.033] (II) modeset(0): Output DP-2 disconnected
[  1721.033] (II) modeset(0): Output HDMI-2 disconnected
[  1721.033] (II) modeset(0): Using exact sizes for initial modes
[  1721.033] (II) modeset(0): Output eDP-1 using initial mode 1366x768 +0+0
[  1721.034] (==) modeset(0): Using gamma correction (1.0, 1.0, 1.0)
[  1721.034] (==) modeset(0): DPI set to (96, 96)
[  1721.034] (II) Loading sub module "fb"
[  1721.034] (II) LoadModule: "fb"
[  1721.034] (II) Module "fb" already built-in
[  1721.034] (II) UnloadModule: "vesa"
[  1721.034] (II) Unloading vesa
[  1721.042] (==) modeset(0): Backing store enabled
[  1721.042] (==) modeset(0): Silken mouse enabled
[  1721.109] (II) modeset(0): Initializing kms color map for depth 24, 8 bpc.
[  1721.110] (==) modeset(0): DPMS enabled
[  1721.110] (II) modeset(0): [DRI2] Setup complete
[  1721.110] (II) modeset(0): [DRI2]   DRI driver: iris
[  1721.110] (II) modeset(0): [DRI2]   VDPAU driver: va_gl
[  1721.110] (II) Initializing extension Generic Event Extension
[  1721.110] (II) Initializing extension SHAPE
[  1721.110] (II) Initializing extension MIT-SHM
[  1721.110] (II) Initializing extension XInputExtension
[  1721.110] (II) Initializing extension XTEST
[  1721.110] (II) Initializing extension BIG-REQUESTS
[  1721.110] (II) Initializing extension SYNC
[  1721.110] (II) Initializing extension XKEYBOARD
[  1721.111] (II) Initializing extension XC-MISC
[  1721.111] (II) Initializing extension SECURITY
[  1721.111] (II) Initializing extension XFIXES
[  1721.111] (II) Initializing extension RENDER
[  1721.111] (II) Initializing extension RANDR
[  1721.111] (II) Initializing extension COMPOSITE
[  1721.111] (II) Initializing extension DAMAGE
[  1721.111] (II) Initializing extension MIT-SCREEN-SAVER
[  1721.111] (II) Initializing extension DOUBLE-BUFFER
[  1721.112] (II) Initializing extension RECORD
[  1721.112] (II) Initializing extension DPMS
[  1721.112] (II) Initializing extension Present
[  1721.112] (II) Initializing extension DRI3
[  1721.112] (II) Initializing extension X-Resource
[  1721.112] (II) Initializing extension XVideo
[  1721.112] (II) Initializing extension XVideo-MotionCompensation
[  1721.112] (II) Initializing extension GLX
[  1721.121] (II) AIGLX: Loaded and initialized iris
[  1721.121] (II) GLX: Initialized DRI2 GL provider for screen 0
[  1721.121] (II) Initializing extension XFree86-VidModeExtension
[  1721.121] (II) Initializing extension XFree86-DGA
[  1721.121] (II) Initializing extension XFree86-DRI
[  1721.121] (II) Initializing extension DRI2
[  1721.121] (II) modeset(0): Damage tracking initialized
[  1721.121] (II) modeset(0): Setting screen physical size to 361 x 203
[  1721.154] (II) config/udev: Adding input device Power Button (/dev/input/event2)
[  1721.154] (**) Power Button: Applying InputClass "libinput keyboard catchall"
[  1721.154] (**) Power Button: Applying InputClass "touchpad catchall"
[  1721.154] (II) LoadModule: "libinput"
[  1721.154] (II) Loading /usr/lib/xorg/modules/input/libinput_drv.so
[  1721.155] (II) Module libinput: vendor="X.Org Foundation"
[  1721.155] 	compiled for 1.21.1, module version = 1.2.0
[  1721.155] 	Module class: X.Org XInput Driver
[  1721.155] 	ABI class: X.Org XInput driver, version 24.4
[  1721.155] (II) Using input driver 'libinput' for 'Power Button'
[  1721.156] (II) systemd-logind: got fd for /dev/input/event2 13:66 fd 25 paused 0
[  1721.156] (**) Power Button: always reports core events
[  1721.156] (**) Option "Device" "/dev/input/event2"
[  1721.156] (**) Option "_source" "server/udev"
[  1721.157] (II) event2  - Power Button: is tagged by udev as: Keyboard
[  1721.158] (II) event2  - Power Button: device is a keyboard
[  1721.158] (II) event2  - Power Button: device removed
[  1721.158] (**) Option "config_info" "udev:/sys/devices/LNXSYSTM:00/LNXPWRBN:00/input/input2/event2"
[  1721.158] (II) XINPUT: Adding extended input device "Power Button" (type: KEYBOARD, id 6)
[  1721.158] (II) event2  - Power Button: is tagged by udev as: Keyboard
[  1721.158] (II) event2  - Power Button: device is a keyboard
[  1721.159] (II) config/udev: Adding input device Video Bus (/dev/input/event6)
[  1721.159] (**) Video Bus: Applying InputClass "libinput keyboard catchall"
[  1721.159] (**) Video Bus: Applying InputClass "touchpad catchall"
[  1721.159] (II) Using input driver 'libinput' for 'Video Bus'
[  1721.160] (II) systemd-logind: got fd for /dev/input/event6 13:70 fd 28 paused 0
[  1721.160] (**) Video Bus: always reports core events
[  1721.160] (**) Option "Device" "/dev/input/event6"
[  1721.160] (**) Option "_source" "server/udev"
[  1721.161] (II) event6  - Video Bus: is tagged by udev as: Keyboard
[  1721.161] (II) event6  - Video Bus: device is a keyboard
[  1721.161] (II) event6  - Video Bus: device removed
[  1721.161] (**) Option "config_info" "udev:/sys/devices/LNXSYSTM:00/LNXSYBUS:00/PNP0A08:00/LNXVIDEO:00/input/input8/event6"
[  1721.161] (II) XINPUT: Adding extended input device "Video Bus" (type: KEYBOARD, id 7)
[  1721.162] (II) event6  - Video Bus: is tagged by udev as: Keyboard
[  1721.162] (II) event6  - Video Bus: device is a keyboard
[  1721.163] (II) config/udev: Adding input device Lid Switch (/dev/input/event0)
[  1721.163] (**) Lid Switch: Applying InputClass "touchpad catchall"
[  1721.163] (II) Using input driver 'libinput' for 'Lid Switch'
[  1721.164] (II) systemd-logind: got fd for /dev/input/event0 13:64 fd 29 paused 0
[  1721.164] (**) Lid Switch: always reports core events
[  1721.164] (**) Option "Device" "/dev/input/event0"
[  1721.164] (**) Option "_source" "server/udev"
[  1721.165] (II) event0  - Lid Switch: is tagged by udev as: Switch
[  1721.165] (II) event0  - Lid Switch: device is a switch device
[  1721.165] (II) event0  - Lid Switch: device is a switch device
[  1721.165] (II) event0  - Lid Switch: device removed
[  1721.165] (**) Option "config_info" "udev:/sys/devices/LNXSYSTM:00/LNXSYBUS:00/PNP0C0D:00/input/input0/event0"
[  1721.165] (II) XINPUT: Adding extended input device "Lid Switch" (type: KEYBOARD, id 8)
[  1721.166] (II) event0  - Lid Switch: is tagged by udev as: Switch
[  1721.166] (II) event0  - Lid Switch: device is a switch device
[  1721.166] (II) event0  - Lid Switch: device is a switch device
[  1721.166] (II) config/udev: Adding input device Sleep Button (/dev/input/event1)
[  1721.166] (**) Sleep Button: Applying InputClass "libinput keyboard catchall"
[  1721.166] (**) Sleep Button: Applying InputClass "touchpad catchall"
[  1721.166] (II) Using input driver 'libinput' for 'Sleep Button'
[  1721.167] (II) systemd-logind: got fd for /dev/input/event1 13:65 fd 30 paused 0
[  1721.167] (**) Sleep Button: always reports core events
[  1721.167] (**) Option "Device" "/dev/input/event1"
[  1721.167] (**) Option "_source" "server/udev"
[  1721.167] (II) event1  - Sleep Button: is tagged by udev as: Keyboard
[  1721.167] (II) event1  - Sleep Button: device is a keyboard
[  1721.168] (II) event1  - Sleep Button: device removed
[  1721.168] (**) Option "config_info" "udev:/sys/devices/LNXSYSTM:00/LNXSYBUS:00/PNP0C0E:00/input/input1/event1"
[  1721.168] (II) XINPUT: Adding extended input device "Sleep Button" (type: KEYBOARD, id 9)
[  1721.168] (II) event1  - Sleep Button: is tagged by udev as: Keyboard
[  1721.168] (II) event1  - Sleep Button: device is a keyboard
[  1721.169] (II) config/udev: Adding input device HDA Intel HDMI HDMI/DP,pcm=7 (/dev/input/event8)
[  1721.169] (**) HDA Intel HDMI HDMI/DP,pcm=7: Applying InputClass "touchpad catchall"
[  1721.169] (II) Using input driver 'libinput' for 'HDA Intel HDMI HDMI/DP,pcm=7'
[  1721.169] (II) systemd-logind: got fd for /dev/input/event8 13:72 fd 31 paused 0
[  1721.169] (**) HDA Intel HDMI HDMI/DP,pcm=7: always reports core events
[  1721.169] (**) Option "Device" "/dev/input/event8"
[  1721.169] (**) Option "_source" "server/udev"
[  1721.170] (II) event8  - HDA Intel HDMI HDMI/DP,pcm=7: is tagged by udev as: Switch
[  1721.170] (II) event8  - not using input device '/dev/input/event8'.
[  1721.170] (EE) libinput: HDA Intel HDMI HDMI/DP,pcm=7: Failed to create a device for /dev/input/event8
[  1721.170] (EE) PreInit returned 2 for "HDA Intel HDMI HDMI/DP,pcm=7"
[  1721.170] (II) UnloadModule: "libinput"
[  1721.170] (II) systemd-logind: releasing fd for 13:72
[  1721.242] (II) config/udev: Adding input device HDA Intel HDMI HDMI/DP,pcm=8 (/dev/input/event9)
[  1721.242] (**) HDA Intel HDMI HDMI/DP,pcm=8: Applying InputClass "touchpad catchall"
[  1721.242] (II) Using input driver 'libinput' for 'HDA Intel HDMI HDMI/DP,pcm=8'
[  1721.243] (II) systemd-logind: got fd for /dev/input/event9 13:73 fd 31 paused 0
[  1721.243] (**) HDA Intel HDMI HDMI/DP,pcm=8: always reports core events
[  1721.243] (**) Option "Device" "/dev/input/event9"
[  1721.243] (**) Option "_source" "server/udev"
[  1721.244] (II) event9  - HDA Intel HDMI HDMI/DP,pcm=8: is tagged by udev as: Switch
[  1721.244] (II) event9  - not using input device '/dev/input/event9'.
[  1721.244] (EE) libinput: HDA Intel HDMI HDMI/DP,pcm=8: Failed to create a device for /dev/input/event9
[  1721.244] (EE) PreInit returned 2 for "HDA Intel HDMI HDMI/DP,pcm=8"
[  1721.244] (II) UnloadModule: "libinput"
[  1721.244] (II) systemd-logind: releasing fd for 13:73
[  1721.296] (II) config/udev: Adding input device HDA Intel HDMI HDMI/DP,pcm=9 (/dev/input/event10)
[  1721.296] (**) HDA Intel HDMI HDMI/DP,pcm=9: Applying InputClass "touchpad catchall"
[  1721.296] (II) Using input driver 'libinput' for 'HDA Intel HDMI HDMI/DP,pcm=9'
[  1721.296] (II) systemd-logind: got fd for /dev/input/event10 13:74 fd 31 paused 0
[  1721.296] (**) HDA Intel HDMI HDMI/DP,pcm=9: always reports core events
[  1721.296] (**) Option "Device" "/dev/input/event10"
[  1721.296] (**) Option "_source" "server/udev"
[  1721.297] (II) event10 - HDA Intel HDMI HDMI/DP,pcm=9: is tagged by udev as: Switch
[  1721.297] (II) event10 - not using input device '/dev/input/event10'.
[  1721.297] (EE) libinput: HDA Intel HDMI HDMI/DP,pcm=9: Failed to create a device for /dev/input/event10
[  1721.297] (EE) PreInit returned 2 for "HDA Intel HDMI HDMI/DP,pcm=9"
[  1721.297] (II) UnloadModule: "libinput"
[  1721.297] (II) systemd-logind: releasing fd for 13:74
[  1721.349] (II) config/udev: Adding input device HDA Intel HDMI HDMI/DP,pcm=10 (/dev/input/event11)
[  1721.349] (**) HDA Intel HDMI HDMI/DP,pcm=10: Applying InputClass "touchpad catchall"
[  1721.349] (II) Using input driver 'libinput' for 'HDA Intel HDMI HDMI/DP,pcm=10'
[  1721.350] (II) systemd-logind: got fd for /dev/input/event11 13:75 fd 31 paused 0
[  1721.350] (**) HDA Intel HDMI HDMI/DP,pcm=10: always reports core events
[  1721.350] (**) Option "Device" "/dev/input/event11"
[  1721.350] (**) Option "_source" "server/udev"
[  1721.350] (II) event11 - HDA Intel HDMI HDMI/DP,pcm=10: is tagged by udev as: Switch
[  1721.351] (II) event11 - not using input device '/dev/input/event11'.
[  1721.351] (EE) libinput: HDA Intel HDMI HDMI/DP,pcm=10: Failed to create a device for /dev/input/event11
[  1721.351] (EE) PreInit returned 2 for "HDA Intel HDMI HDMI/DP,pcm=10"
[  1721.351] (II) UnloadModule: "libinput"
[  1721.351] (II) systemd-logind: releasing fd for 13:75
[  1721.402] (II) config/udev: Adding input device HDA Intel HDMI HDMI/DP,pcm=3 (/dev/input/event7)
[  1721.402] (**) HDA Intel HDMI HDMI/DP,pcm=3: Applying InputClass "touchpad catchall"
[  1721.402] (II) Using input driver 'libinput' for 'HDA Intel HDMI HDMI/DP,pcm=3'
[  1721.403] (II) systemd-logind: got fd for /dev/input/event7 13:71 fd 31 paused 0
[  1721.403] (**) HDA Intel HDMI HDMI/DP,pcm=3: always reports core events
[  1721.403] (**) Option "Device" "/dev/input/event7"
[  1721.403] (**) Option "_source" "server/udev"
[  1721.405] (II) event7  - HDA Intel HDMI HDMI/DP,pcm=3: is tagged by udev as: Switch
[  1721.406] (II) event7  - not using input device '/dev/input/event7'.
[  1721.406] (EE) libinput: HDA Intel HDMI HDMI/DP,pcm=3: Failed to create a device for /dev/input/event7
[  1721.406] (EE) PreInit returned 2 for "HDA Intel HDMI HDMI/DP,pcm=3"
[  1721.406] (II) UnloadModule: "libinput"
[  1721.406] (II) systemd-logind: releasing fd for 13:71
[  1721.483] (II) config/udev: Adding input device Logitech B330/M330/M331 (/dev/input/event18)
[  1721.483] (**) Logitech B330/M330/M331: Applying InputClass "libinput pointer catchall"
[  1721.483] (**) Logitech B330/M330/M331: Applying InputClass "touchpad catchall"
[  1721.483] (II) Using input driver 'libinput' for 'Logitech B330/M330/M331'
[  1721.483] (II) systemd-logind: got fd for /dev/input/event18 13:82 fd 31 paused 0
[  1721.483] (**) Logitech B330/M330/M331: always reports core events
[  1721.483] (**) Option "Device" "/dev/input/event18"
[  1721.483] (**) Option "_source" "server/udev"
[  1721.485] (II) event18 - Logitech B330/M330/M331: is tagged by udev as: Mouse
[  1721.485] (II) event18 - Logitech B330/M330/M331: device is a pointer
[  1721.485] (II) event18 - Logitech B330/M330/M331: device removed
[  1721.485] (**) Option "config_info" "udev:/sys/devices/pci0000:00/0000:00:14.0/usb2/2-3/2-3:1.2/0003:046D:C52B.0003/0003:046D:4057.0004/input/input29/event18"
[  1721.485] (II) XINPUT: Adding extended input device "Logitech B330/M330/M331" (type: MOUSE, id 10)
[  1721.485] (**) Option "AccelerationScheme" "none"
[  1721.485] (**) Logitech B330/M330/M331: (accel) selected scheme none/0
[  1721.485] (**) Logitech B330/M330/M331: (accel) acceleration factor: 2.000
[  1721.485] (**) Logitech B330/M330/M331: (accel) acceleration threshold: 4
[  1721.488] (II) event18 - Logitech B330/M330/M331: is tagged by udev as: Mouse
[  1721.489] (II) event18 - Logitech B330/M330/M331: device is a pointer
[  1721.491] (II) config/udev: Adding input device Logitech B330/M330/M331 (/dev/input/mouse1)
[  1721.491] (**) Logitech B330/M330/M331: Applying InputClass "touchpad catchall"
[  1721.491] (II) Using input driver 'libinput' for 'Logitech B330/M330/M331'
[  1721.491] (**) Logitech B330/M330/M331: always reports core events
[  1721.491] (**) Option "Device" "/dev/input/mouse1"
[  1721.492] (**) Option "_source" "server/udev"
[  1721.492] (EE) xf86OpenSerial: Cannot open device /dev/input/mouse1
	Permission denied.
[  1721.492] (II) mouse1: opening input device '/dev/input/mouse1' failed (Permission denied).
[  1721.492] (II) mouse1  - failed to create input device '/dev/input/mouse1'.
[  1721.492] (EE) libinput: Logitech B330/M330/M331: Failed to create a device for /dev/input/mouse1
[  1721.492] (EE) PreInit returned 2 for "Logitech B330/M330/M331"
[  1721.492] (II) UnloadModule: "libinput"
[  1721.494] (II) config/udev: Adding input device Integrated Camera: Integrated C (/dev/input/event16)
[  1721.494] (**) Integrated Camera: Integrated C: Applying InputClass "libinput keyboard catchall"
[  1721.494] (**) Integrated Camera: Integrated C: Applying InputClass "touchpad catchall"
[  1721.494] (II) Using input driver 'libinput' for 'Integrated Camera: Integrated C'
[  1721.495] (II) systemd-logind: got fd for /dev/input/event16 13:80 fd 32 paused 0
[  1721.495] (**) Integrated Camera: Integrated C: always reports core events
[  1721.495] (**) Option "Device" "/dev/input/event16"
[  1721.495] (**) Option "_source" "server/udev"
[  1721.496] (II) event16 - Integrated Camera: Integrated C: is tagged by udev as: Keyboard
[  1721.496] (II) event16 - Integrated Camera: Integrated C: device is a keyboard
[  1721.497] (II) event16 - Integrated Camera: Integrated C: device removed
[  1721.497] (**) Option "config_info" "udev:/sys/devices/pci0000:00/0000:00:14.0/usb2/2-8/2-8:1.0/input/input23/event16"
[  1721.497] (II) XINPUT: Adding extended input device "Integrated Camera: Integrated C" (type: KEYBOARD, id 11)
[  1721.498] (II) event16 - Integrated Camera: Integrated C: is tagged by udev as: Keyboard
[  1721.498] (II) event16 - Integrated Camera: Integrated C: device is a keyboard
[  1721.498] (II) config/udev: Adding input device HDA Intel PCH Dock Mic (/dev/input/event12)
[  1721.498] (**) HDA Intel PCH Dock Mic: Applying InputClass "touchpad catchall"
[  1721.498] (II) Using input driver 'libinput' for 'HDA Intel PCH Dock Mic'
[  1721.498] (II) systemd-logind: got fd for /dev/input/event12 13:76 fd 33 paused 0
[  1721.498] (**) HDA Intel PCH Dock Mic: always reports core events
[  1721.498] (**) Option "Device" "/dev/input/event12"
[  1721.498] (**) Option "_source" "server/udev"
[  1721.500] (II) event12 - HDA Intel PCH Dock Mic: is tagged by udev as: Switch
[  1721.501] (II) event12 - not using input device '/dev/input/event12'.
[  1721.501] (EE) libinput: HDA Intel PCH Dock Mic: Failed to create a device for /dev/input/event12
[  1721.501] (EE) PreInit returned 2 for "HDA Intel PCH Dock Mic"
[  1721.501] (II) UnloadModule: "libinput"
[  1721.501] (II) systemd-logind: releasing fd for 13:76
[  1721.577] (II) config/udev: Adding input device HDA Intel PCH Mic (/dev/input/event13)
[  1721.577] (**) HDA Intel PCH Mic: Applying InputClass "touchpad catchall"
[  1721.577] (II) Using input driver 'libinput' for 'HDA Intel PCH Mic'
[  1721.578] (II) systemd-logind: got fd for /dev/input/event13 13:77 fd 33 paused 0
[  1721.578] (**) HDA Intel PCH Mic: always reports core events
[  1721.578] (**) Option "Device" "/dev/input/event13"
[  1721.578] (**) Option "_source" "server/udev"
[  1721.580] (II) event13 - HDA Intel PCH Mic: is tagged by udev as: Switch
[  1721.581] (II) event13 - not using input device '/dev/input/event13'.
[  1721.581] (EE) libinput: HDA Intel PCH Mic: Failed to create a device for /dev/input/event13
[  1721.581] (EE) PreInit returned 2 for "HDA Intel PCH Mic"
[  1721.581] (II) UnloadModule: "libinput"
[  1721.581] (II) systemd-logind: releasing fd for 13:77
[  1721.656] (II) config/udev: Adding input device HDA Intel PCH Dock Headphone (/dev/input/event14)
[  1721.656] (**) HDA Intel PCH Dock Headphone: Applying InputClass "touchpad catchall"
[  1721.656] (II) Using input driver 'libinput' for 'HDA Intel PCH Dock Headphone'
[  1721.656] (II) systemd-logind: got fd for /dev/input/event14 13:78 fd 33 paused 0
[  1721.656] (**) HDA Intel PCH Dock Headphone: always reports core events
[  1721.656] (**) Option "Device" "/dev/input/event14"
[  1721.656] (**) Option "_source" "server/udev"
[  1721.657] (II) event14 - HDA Intel PCH Dock Headphone: is tagged by udev as: Switch
[  1721.657] (II) event14 - not using input device '/dev/input/event14'.
[  1721.657] (EE) libinput: HDA Intel PCH Dock Headphone: Failed to create a device for /dev/input/event14
[  1721.657] (EE) PreInit returned 2 for "HDA Intel PCH Dock Headphone"
[  1721.657] (II) UnloadModule: "libinput"
[  1721.657] (II) systemd-logind: releasing fd for 13:78
[  1721.709] (II) config/udev: Adding input device HDA Intel PCH Headphone (/dev/input/event15)
[  1721.709] (**) HDA Intel PCH Headphone: Applying InputClass "touchpad catchall"
[  1721.709] (II) Using input driver 'libinput' for 'HDA Intel PCH Headphone'
[  1721.710] (II) systemd-logind: got fd for /dev/input/event15 13:79 fd 33 paused 0
[  1721.710] (**) HDA Intel PCH Headphone: always reports core events
[  1721.710] (**) Option "Device" "/dev/input/event15"
[  1721.710] (**) Option "_source" "server/udev"
[  1721.710] (II) event15 - HDA Intel PCH Headphone: is tagged by udev as: Switch
[  1721.711] (II) event15 - not using input device '/dev/input/event15'.
[  1721.711] (EE) libinput: HDA Intel PCH Headphone: Failed to create a device for /dev/input/event15
[  1721.711] (EE) PreInit returned 2 for "HDA Intel PCH Headphone"
[  1721.711] (II) UnloadModule: "libinput"
[  1721.711] (II) systemd-logind: releasing fd for 13:79
[  1721.763] (II) config/udev: Adding input device AT Translated Set 2 keyboard (/dev/input/event3)
[  1721.763] (**) AT Translated Set 2 keyboard: Applying InputClass "libinput keyboard catchall"
[  1721.763] (**) AT Translated Set 2 keyboard: Applying InputClass "touchpad catchall"
[  1721.763] (II) Using input driver 'libinput' for 'AT Translated Set 2 keyboard'
[  1721.764] (II) systemd-logind: got fd for /dev/input/event3 13:67 fd 33 paused 0
[  1721.764] (**) AT Translated Set 2 keyboard: always reports core events
[  1721.764] (**) Option "Device" "/dev/input/event3"
[  1721.764] (**) Option "_source" "server/udev"
[  1721.766] (II) event3  - AT Translated Set 2 keyboard: is tagged by udev as: Keyboard
[  1721.766] (II) event3  - AT Translated Set 2 keyboard: device is a keyboard
[  1721.768] (II) event3  - AT Translated Set 2 keyboard: device removed
[  1721.768] (**) Option "config_info" "udev:/sys/devices/platform/i8042/serio0/input/input3/event3"
[  1721.768] (II) XINPUT: Adding extended input device "AT Translated Set 2 keyboard" (type: KEYBOARD, id 12)
[  1721.771] (II) event3  - AT Translated Set 2 keyboard: is tagged by udev as: Keyboard
[  1721.771] (II) event3  - AT Translated Set 2 keyboard: device is a keyboard
[  1721.774] (II) config/udev: Adding input device SynPS/2 Synaptics TouchPad (/dev/input/event17)
[  1721.774] (**) SynPS/2 Synaptics TouchPad: Applying InputClass "libinput touchpad catchall"
[  1721.774] (**) SynPS/2 Synaptics TouchPad: Applying InputClass "touchpad catchall"
[  1721.774] (II) Using input driver 'libinput' for 'SynPS/2 Synaptics TouchPad'
[  1721.775] (II) systemd-logind: got fd for /dev/input/event17 13:81 fd 34 paused 0
[  1721.775] (**) SynPS/2 Synaptics TouchPad: always reports core events
[  1721.775] (**) Option "Device" "/dev/input/event17"
[  1721.775] (**) Option "_source" "server/udev"
[  1721.776] (II) event17 - SynPS/2 Synaptics TouchPad: is tagged by udev as: Touchpad
[  1721.778] (II) event17 - SynPS/2 Synaptics TouchPad: device is a touchpad
[  1721.778] (II) event17 - SynPS/2 Synaptics TouchPad: device removed
[  1721.778] (**) Option "Tapping" "on"
[  1721.778] (**) Option "config_info" "udev:/sys/devices/platform/i8042/serio1/input/input5/event17"
[  1721.778] (II) XINPUT: Adding extended input device "SynPS/2 Synaptics TouchPad" (type: TOUCHPAD, id 13)
[  1721.780] (**) Option "AccelerationScheme" "none"
[  1721.780] (**) SynPS/2 Synaptics TouchPad: (accel) selected scheme none/0
[  1721.780] (**) SynPS/2 Synaptics TouchPad: (accel) acceleration factor: 2.000
[  1721.780] (**) SynPS/2 Synaptics TouchPad: (accel) acceleration threshold: 4
[  1721.782] (II) event17 - SynPS/2 Synaptics TouchPad: is tagged by udev as: Touchpad
[  1721.786] (II) event17 - SynPS/2 Synaptics TouchPad: device is a touchpad
[  1721.788] (II) config/udev: Adding input device SynPS/2 Synaptics TouchPad (/dev/input/mouse0)
[  1721.788] (**) SynPS/2 Synaptics TouchPad: Applying InputClass "touchpad catchall"
[  1721.788] (II) Using input driver 'libinput' for 'SynPS/2 Synaptics TouchPad'
[  1721.788] (**) SynPS/2 Synaptics TouchPad: always reports core events
[  1721.788] (**) Option "Device" "/dev/input/mouse0"
[  1721.788] (**) Option "_source" "server/udev"
[  1721.789] (EE) xf86OpenSerial: Cannot open device /dev/input/mouse0
	Permission denied.
[  1721.789] (II) mouse0: opening input device '/dev/input/mouse0' failed (Permission denied).
[  1721.789] (II) mouse0  - failed to create input device '/dev/input/mouse0'.
[  1721.789] (EE) libinput: SynPS/2 Synaptics TouchPad: Failed to create a device for /dev/input/mouse0
[  1721.789] (EE) PreInit returned 2 for "SynPS/2 Synaptics TouchPad"
[  1721.789] (II) UnloadModule: "libinput"
[  1721.789] (II) config/udev: Adding input device TPPS/2 IBM TrackPoint (/dev/input/event19)
[  1721.789] (**) TPPS/2 IBM TrackPoint: Applying InputClass "libinput pointer catchall"
[  1721.789] (**) TPPS/2 IBM TrackPoint: Applying InputClass "touchpad catchall"
[  1721.789] (II) Using input driver 'libinput' for 'TPPS/2 IBM TrackPoint'
[  1721.790] (II) systemd-logind: got fd for /dev/input/event19 13:83 fd 35 paused 0
[  1721.790] (**) TPPS/2 IBM TrackPoint: always reports core events
[  1721.790] (**) Option "Device" "/dev/input/event19"
[  1721.790] (**) Option "_source" "server/udev"
[  1721.791] (II) event19 - TPPS/2 IBM TrackPoint: is tagged by udev as: Mouse Pointingstick
[  1721.791] (II) event19 - TPPS/2 IBM TrackPoint: device is a pointer
[  1721.792] (II) event19 - TPPS/2 IBM TrackPoint: device removed
[  1721.792] (**) Option "config_info" "udev:/sys/devices/platform/i8042/serio1/serio2/input/input24/event19"
[  1721.792] (II) XINPUT: Adding extended input device "TPPS/2 IBM TrackPoint" (type: MOUSE, id 14)
[  1721.792] (**) Option "AccelerationScheme" "none"
[  1721.792] (**) TPPS/2 IBM TrackPoint: (accel) selected scheme none/0
[  1721.792] (**) TPPS/2 IBM TrackPoint: (accel) acceleration factor: 2.000
[  1721.792] (**) TPPS/2 IBM TrackPoint: (accel) acceleration threshold: 4
[  1721.793] (II) event19 - TPPS/2 IBM TrackPoint: is tagged by udev as: Mouse Pointingstick
[  1721.793] (II) event19 - TPPS/2 IBM TrackPoint: device is a pointer
[  1721.794] (II) config/udev: Adding input device TPPS/2 IBM TrackPoint (/dev/input/mouse2)
[  1721.794] (**) TPPS/2 IBM TrackPoint: Applying InputClass "touchpad catchall"
[  1721.794] (II) Using input driver 'libinput' for 'TPPS/2 IBM TrackPoint'
[  1721.794] (**) TPPS/2 IBM TrackPoint: always reports core events
[  1721.794] (**) Option "Device" "/dev/input/mouse2"
[  1721.794] (**) Option "_source" "server/udev"
[  1721.794] (EE) xf86OpenSerial: Cannot open device /dev/input/mouse2
	Permission denied.
[  1721.794] (II) mouse2: opening input device '/dev/input/mouse2' failed (Permission denied).
[  1721.794] (II) mouse2  - failed to create input device '/dev/input/mouse2'.
[  1721.794] (EE) libinput: TPPS/2 IBM TrackPoint: Failed to create a device for /dev/input/mouse2
[  1721.794] (EE) PreInit returned 2 for "TPPS/2 IBM TrackPoint"
[  1721.794] (II) UnloadModule: "libinput"
[  1721.794] (II) config/udev: Adding input device PC Speaker (/dev/input/event4)
[  1721.794] (**) PC Speaker: Applying InputClass "touchpad catchall"
[  1721.794] (II) Using input driver 'libinput' for 'PC Speaker'
[  1721.795] (II) systemd-logind: got fd for /dev/input/event4 13:68 fd 36 paused 0
[  1721.795] (**) PC Speaker: always reports core events
[  1721.795] (**) Option "Device" "/dev/input/event4"
[  1721.795] (**) Option "_source" "server/udev"
[  1721.795] (II) event4  - PC Speaker: not tagged as supported input device
[  1721.795] (II) event4  - not using input device '/dev/input/event4'.
[  1721.796] (EE) libinput: PC Speaker: Failed to create a device for /dev/input/event4
[  1721.796] (EE) PreInit returned 2 for "PC Speaker"
[  1721.796] (II) UnloadModule: "libinput"
[  1721.796] (II) systemd-logind: releasing fd for 13:68
[  1721.857] (II) config/udev: Adding input device ThinkPad Extra Buttons (/dev/input/event5)
[  1721.857] (**) ThinkPad Extra Buttons: Applying InputClass "libinput keyboard catchall"
[  1721.857] (**) ThinkPad Extra Buttons: Applying InputClass "touchpad catchall"
[  1721.857] (II) Using input driver 'libinput' for 'ThinkPad Extra Buttons'
[  1721.858] (II) systemd-logind: got fd for /dev/input/event5 13:69 fd 36 paused 0
[  1721.858] (**) ThinkPad Extra Buttons: always reports core events
[  1721.858] (**) Option "Device" "/dev/input/event5"
[  1721.858] (**) Option "_source" "server/udev"
[  1721.858] (II) event5  - ThinkPad Extra Buttons: is tagged by udev as: Keyboard Switch
[  1721.858] (II) event5  - ThinkPad Extra Buttons: device is a keyboard
[  1721.859] (II) event5  - ThinkPad Extra Buttons: device removed
[  1721.859] (**) Option "config_info" "udev:/sys/devices/platform/thinkpad_acpi/input/input7/event5"
[  1721.859] (II) XINPUT: Adding extended input device "ThinkPad Extra Buttons" (type: KEYBOARD, id 15)
[  1721.861] (II) event5  - ThinkPad Extra Buttons: is tagged by udev as: Keyboard Switch
[  1721.861] (II) event5  - ThinkPad Extra Buttons: device is a keyboard
[  2631.434] (EE) event18 - Logitech B330/M330/M331: client bug: event processing lagging behind by 12ms, your system is too slow
[  2647.564] (EE) event18 - Logitech B330/M330/M331: client bug: event processing lagging behind by 23ms, your system is too slow
[  2647.947] (EE) event18 - Logitech B330/M330/M331: client bug: event processing lagging behind by 25ms, your system is too slow
[  2652.314] (EE) event18 - Logitech B330/M330/M331: client bug: event processing lagging behind by 11ms, your system is too slow
[  2796.259] (EE) event18 - Logitech B330/M330/M331: client bug: event processing lagging behind by 24ms, your system is too slow
[  2796.259] (EE) event18 - Logitech B330/M330/M331: WARNING: log rate limit exceeded (5 msgs per 60min). Discarding future messages.
[  2950.038] (**) Option "fd" "25"
[  2950.038] (II) event2  - Power Button: device removed
[  2950.038] (**) Option "fd" "28"
[  2950.038] (II) event6  - Video Bus: device removed
[  2950.038] (**) Option "fd" "29"
[  2950.038] (II) event0  - Lid Switch: device removed
[  2950.038] (**) Option "fd" "30"
[  2950.038] (II) event1  - Sleep Button: device removed
[  2950.038] (**) Option "fd" "31"
[  2950.038] (II) event18 - Logitech B330/M330/M331: device removed
[  2950.038] (**) Option "fd" "32"
[  2950.038] (II) event16 - Integrated Camera: Integrated C: device removed
[  2950.038] (**) Option "fd" "33"
[  2950.038] (II) event3  - AT Translated Set 2 keyboard: device removed
[  2950.038] (**) Option "fd" "34"
[  2950.038] (II) event17 - SynPS/2 Synaptics TouchPad: device removed
[  2950.039] (**) Option "fd" "35"
[  2950.039] (II) event19 - TPPS/2 IBM TrackPoint: device removed
[  2950.039] (**) Option "fd" "36"
[  2950.039] (II) event5  - ThinkPad Extra Buttons: device removed
[  2950.055] (II) UnloadModule: "libinput"
[  2950.055] (II) systemd-logind: releasing fd for 13:69
[  2950.072] (II) UnloadModule: "libinput"
[  2950.072] (II) systemd-logind: releasing fd for 13:83
[  2950.112] (II) UnloadModule: "libinput"
[  2950.112] (II) systemd-logind: releasing fd for 13:81
[  2950.142] (II) UnloadModule: "libinput"
[  2950.142] (II) systemd-logind: releasing fd for 13:67
[  2950.159] (II) UnloadModule: "libinput"
[  2950.159] (II) systemd-logind: releasing fd for 13:80
[  2950.198] (II) UnloadModule: "libinput"
[  2950.199] (II) systemd-logind: releasing fd for 13:82
[  2950.265] (II) UnloadModule: "libinput"
[  2950.265] (II) systemd-logind: releasing fd for 13:65
[  2950.285] (II) UnloadModule: "libinput"
[  2950.285] (II) systemd-logind: releasing fd for 13:64
[  2950.298] (II) UnloadModule: "libinput"
[  2950.299] (II) systemd-logind: releasing fd for 13:70
[  2950.349] (II) UnloadModule: "libinput"
[  2950.349] (II) systemd-logind: releasing fd for 13:66
[  2950.441] (II) Server terminated successfully (0). Closing log file.
