[ 11905.126] 
X.Org X Server 1.21.1.3
X Protocol Version 11, Revision 0
[ 11905.130] Current Operating System: Linux okoun 5.15.12-artix1-1 #1 SMP PREEMPT Thu, 30 Dec 2021 11:24:09 +0000 x86_64
[ 11905.130] Kernel command line: BOOT_IMAGE=/vmlinuz-linux root=UUID=34de6af7-f17d-4ccd-a8ac-c60b07b7cf70 rw loglevel=3 quiet
[ 11905.132]  
[ 11905.133] Current version of pixman: 0.40.0
[ 11905.136] 	Before reporting problems, check http://wiki.x.org
	to make sure that you have the latest version.
[ 11905.136] Markers: (--) probed, (**) from config file, (==) default setting,
	(++) from command line, (!!) notice, (II) informational,
	(WW) warning, (EE) error, (NI) not implemented, (??) unknown.
[ 11905.139] (==) Log file: "/home/tomas/.local/share/xorg/Xorg.8.log", Time: Wed Jan  5 11:01:15 2022
[ 11905.140] (==) Using config directory: "/etc/X11/xorg.conf.d"
[ 11905.141] (==) Using system config directory "/usr/share/X11/xorg.conf.d"
[ 11905.141] (==) No Layout section.  Using the first Screen section.
[ 11905.141] (==) No screen section available. Using defaults.
[ 11905.141] (**) |-->Screen "Default Screen Section" (0)
[ 11905.141] (**) |   |-->Monitor "<default monitor>"
[ 11905.142] (==) No monitor specified for screen "Default Screen Section".
	Using a default monitor configuration.
[ 11905.142] (==) Automatically adding devices
[ 11905.142] (==) Automatically enabling devices
[ 11905.142] (==) Automatically adding GPU devices
[ 11905.142] (==) Automatically binding GPU devices
[ 11905.142] (==) Max clients allowed: 256, resource mask: 0x1fffff
[ 11905.142] (WW) The directory "/usr/share/fonts/Type1" does not exist.
[ 11905.142] 	Entry deleted from font path.
[ 11905.142] (WW) The directory "/usr/share/fonts/100dpi" does not exist.
[ 11905.142] 	Entry deleted from font path.
[ 11905.142] (WW) The directory "/usr/share/fonts/75dpi" does not exist.
[ 11905.142] 	Entry deleted from font path.
[ 11905.142] (==) FontPath set to:
	/usr/share/fonts/misc,
	/usr/share/fonts/TTF,
	/usr/share/fonts/OTF
[ 11905.142] (==) ModulePath set to "/usr/lib/xorg/modules"
[ 11905.142] (II) The server relies on udev to provide the list of input devices.
	If no devices become available, reconfigure udev or disable AutoAddDevices.
[ 11905.142] (II) Module ABI versions:
[ 11905.142] 	X.Org ANSI C Emulation: 0.4
[ 11905.142] 	X.Org Video Driver: 25.2
[ 11905.142] 	X.Org XInput driver : 24.4
[ 11905.142] 	X.Org Server Extension : 10.0
[ 11905.142] (++) using VT number 1

[ 11905.143] (II) systemd-logind: took control of session /org/freedesktop/login1/session/_39
[ 11905.144] (II) xfree86: Adding drm device (/dev/dri/card0)
[ 11905.144] (II) Platform probe for /sys/devices/pci0000:00/0000:00:02.0/drm/card0
[ 11905.144] (II) systemd-logind: got fd for /dev/dri/card0 226:0 fd 11 paused 0
[ 11905.146] (--) PCI:*(0@0:2:0) 8086:1616:17aa:5034 rev 9, Mem @ 0xf0000000/16777216, 0xe0000000/268435456, I/O @ 0x00003000/64, BIOS @ 0x????????/131072
[ 11905.146] (WW) Open ACPI failed (/var/run/acpid.socket) (No such file or directory)
[ 11905.146] (II) LoadModule: "glx"
[ 11905.146] (II) Loading /usr/lib/xorg/modules/extensions/libglx.so
[ 11905.147] (II) Module glx: vendor="X.Org Foundation"
[ 11905.147] 	compiled for 1.21.1.3, module version = 1.0.0
[ 11905.147] 	ABI class: X.Org Server Extension, version 10.0
[ 11905.147] (==) Matched intel as autoconfigured driver 0
[ 11905.147] (==) Matched modesetting as autoconfigured driver 1
[ 11905.147] (==) Matched fbdev as autoconfigured driver 2
[ 11905.148] (==) Matched vesa as autoconfigured driver 3
[ 11905.148] (==) Assigned the driver to the xf86ConfigLayout
[ 11905.148] (II) LoadModule: "intel"
[ 11905.148] (WW) Warning, couldn't open module intel
[ 11905.148] (EE) Failed to load module "intel" (module does not exist, 0)
[ 11905.148] (II) LoadModule: "modesetting"
[ 11905.148] (II) Loading /usr/lib/xorg/modules/drivers/modesetting_drv.so
[ 11905.150] (II) Module modesetting: vendor="X.Org Foundation"
[ 11905.150] 	compiled for 1.21.1.3, module version = 1.21.1
[ 11905.150] 	Module class: X.Org Video Driver
[ 11905.150] 	ABI class: X.Org Video Driver, version 25.2
[ 11905.150] (II) LoadModule: "fbdev"
[ 11905.150] (WW) Warning, couldn't open module fbdev
[ 11905.150] (EE) Failed to load module "fbdev" (module does not exist, 0)
[ 11905.150] (II) LoadModule: "vesa"
[ 11905.151] (II) Loading /usr/lib/xorg/modules/drivers/vesa_drv.so
[ 11905.151] (II) Module vesa: vendor="X.Org Foundation"
[ 11905.151] 	compiled for 1.21.1.1, module version = 2.5.0
[ 11905.151] 	Module class: X.Org Video Driver
[ 11905.151] 	ABI class: X.Org Video Driver, version 25.2
[ 11905.151] (II) modesetting: Driver for Modesetting Kernel Drivers: kms
[ 11905.151] (II) VESA: driver for VESA chipsets: vesa
[ 11905.151] xf86EnableIO: failed to enable I/O ports 0000-03ff (Operation not permitted)
[ 11905.151] (II) modeset(0): using drv /dev/dri/card0
[ 11905.151] (WW) VGA arbiter: cannot open kernel arbiter, no multi-card support
[ 11905.151] (II) modeset(0): Creating default Display subsection in Screen section
	"Default Screen Section" for depth/fbbpp 24/32
[ 11905.151] (==) modeset(0): Depth 24, (==) framebuffer bpp 32
[ 11905.151] (==) modeset(0): RGB weight 888
[ 11905.151] (==) modeset(0): Default visual is TrueColor
[ 11905.151] (II) Loading sub module "glamoregl"
[ 11905.151] (II) LoadModule: "glamoregl"
[ 11905.151] (II) Loading /usr/lib/xorg/modules/libglamoregl.so
[ 11905.154] (II) Module glamoregl: vendor="X.Org Foundation"
[ 11905.154] 	compiled for 1.21.1.3, module version = 1.0.1
[ 11905.154] 	ABI class: X.Org ANSI C Emulation, version 0.4
[ 11905.179] (II) modeset(0): glamor X acceleration enabled on Mesa Intel(R) HD Graphics 5500 (BDW GT2)
[ 11905.179] (II) modeset(0): glamor initialized
[ 11905.179] (==) modeset(0): VariableRefresh: disabled
[ 11905.179] (==) modeset(0): AsyncFlipSecondaries: disabled
[ 11905.180] (II) modeset(0): Output eDP-1 has no monitor section
[ 11905.180] (II) modeset(0): Output DP-1 has no monitor section
[ 11905.359] (II) modeset(0): Output HDMI-1 has no monitor section
[ 11905.359] (II) modeset(0): Output DP-2 has no monitor section
[ 11905.360] (II) modeset(0): Output HDMI-2 has no monitor section
[ 11905.362] (II) modeset(0): EDID for output eDP-1
[ 11905.362] (II) modeset(0): Manufacturer: CMN  Model: 1490  Serial#: 0
[ 11905.362] (II) modeset(0): Year: 2013  Week: 40
[ 11905.362] (II) modeset(0): EDID Version: 1.4
[ 11905.362] (II) modeset(0): Digital Display Input
[ 11905.362] (II) modeset(0): 6 bits per channel
[ 11905.362] (II) modeset(0): Digital interface is DisplayPort
[ 11905.362] (II) modeset(0): Max Image Size [cm]: horiz.: 31  vert.: 17
[ 11905.362] (II) modeset(0): Gamma: 2.20
[ 11905.362] (II) modeset(0): No DPMS capabilities specified
[ 11905.362] (II) modeset(0): Supported color encodings: RGB 4:4:4 
[ 11905.362] (II) modeset(0): First detailed timing is preferred mode
[ 11905.362] (II) modeset(0): Preferred mode is native pixel format and refresh rate
[ 11905.362] (II) modeset(0): redX: 0.575 redY: 0.335   greenX: 0.327 greenY: 0.580
[ 11905.362] (II) modeset(0): blueX: 0.157 blueY: 0.137   whiteX: 0.313 whiteY: 0.329
[ 11905.362] (II) modeset(0): Manufacturer's mask: 0
[ 11905.362] (II) modeset(0): Supported detailed timing:
[ 11905.362] (II) modeset(0): clock: 76.4 MHz   Image Size:  309 x 173 mm
[ 11905.362] (II) modeset(0): h_active: 1366  h_sync: 1434  h_sync_end 1479 h_blank_end 1592 h_border: 0
[ 11905.362] (II) modeset(0): v_active: 768  v_sync: 772  v_sync_end 779 v_blanking: 800 v_border: 0
[ 11905.362] (II) modeset(0):  N140BGE-EA3
[ 11905.362] (II) modeset(0):  CMN
[ 11905.362] (II) modeset(0):  N140BGE-EA3
[ 11905.362] (II) modeset(0): EDID (in hex):
[ 11905.362] (II) modeset(0): 	00ffffffffffff000dae901400000000
[ 11905.362] (II) modeset(0): 	28170104951f1178027e459355539428
[ 11905.362] (II) modeset(0): 	23505400000001010101010101010101
[ 11905.362] (II) modeset(0): 	010101010101da1d56e250002030442d
[ 11905.362] (II) modeset(0): 	470035ad10000018000000fe004e3134
[ 11905.362] (II) modeset(0): 	304247452d4541330a20000000fe0043
[ 11905.362] (II) modeset(0): 	4d4e0a202020202020202020000000fe
[ 11905.362] (II) modeset(0): 	004e3134304247452d4541330a20007e
[ 11905.362] (II) modeset(0): Printing probed modes for output eDP-1
[ 11905.362] (II) modeset(0): Modeline "1366x768"x60.0   76.42  1366 1434 1479 1592  768 772 779 800 -hsync -vsync (48.0 kHz eP)
[ 11905.362] (II) modeset(0): Modeline "1280x720"x120.0  156.12  1280 1376 1512 1744  720 721 724 746 doublescan -hsync +vsync (89.5 kHz d)
[ 11905.362] (II) modeset(0): Modeline "1280x720"x120.0  120.75  1280 1304 1320 1360  720 721 724 740 doublescan +hsync -vsync (88.8 kHz d)
[ 11905.362] (II) modeset(0): Modeline "1280x720"x59.9   74.50  1280 1344 1472 1664  720 723 728 748 -hsync +vsync (44.8 kHz d)
[ 11905.362] (II) modeset(0): Modeline "1280x720"x59.7   63.75  1280 1328 1360 1440  720 723 728 741 +hsync -vsync (44.3 kHz d)
[ 11905.362] (II) modeset(0): Modeline "1024x768"x120.1  133.47  1024 1100 1212 1400  768 768 770 794 doublescan -hsync +vsync (95.3 kHz d)
[ 11905.362] (II) modeset(0): Modeline "1024x768"x60.0   65.00  1024 1048 1184 1344  768 771 777 806 -hsync -vsync (48.4 kHz d)
[ 11905.362] (II) modeset(0): Modeline "960x720"x120.0  117.00  960 1024 1128 1300  720 720 722 750 doublescan -hsync +vsync (90.0 kHz d)
[ 11905.362] (II) modeset(0): Modeline "928x696"x120.1  109.15  928 976 1088 1264  696 696 698 719 doublescan -hsync +vsync (86.4 kHz d)
[ 11905.362] (II) modeset(0): Modeline "896x672"x120.0  102.40  896 960 1060 1224  672 672 674 697 doublescan -hsync +vsync (83.7 kHz d)
[ 11905.362] (II) modeset(0): Modeline "1024x576"x119.9   98.50  1024 1092 1200 1376  576 577 580 597 doublescan -hsync +vsync (71.6 kHz d)
[ 11905.362] (II) modeset(0): Modeline "1024x576"x119.9   78.38  1024 1048 1064 1104  576 577 580 592 doublescan +hsync -vsync (71.0 kHz d)
[ 11905.362] (II) modeset(0): Modeline "1024x576"x59.9   46.50  1024 1064 1160 1296  576 579 584 599 -hsync +vsync (35.9 kHz d)
[ 11905.362] (II) modeset(0): Modeline "1024x576"x59.8   42.00  1024 1072 1104 1184  576 579 584 593 +hsync -vsync (35.5 kHz d)
[ 11905.362] (II) modeset(0): Modeline "960x600"x119.9   96.62  960 1028 1128 1296  600 601 604 622 doublescan -hsync +vsync (74.6 kHz d)
[ 11905.362] (II) modeset(0): Modeline "960x600"x120.0   77.00  960 984 1000 1040  600 601 604 617 doublescan +hsync -vsync (74.0 kHz d)
[ 11905.362] (II) modeset(0): Modeline "960x540"x119.9   86.50  960 1024 1124 1288  540 541 544 560 doublescan -hsync +vsync (67.2 kHz d)
[ 11905.362] (II) modeset(0): Modeline "960x540"x120.0   69.25  960 984 1000 1040  540 541 544 555 doublescan +hsync -vsync (66.6 kHz d)
[ 11905.362] (II) modeset(0): Modeline "960x540"x59.6   40.75  960 992 1088 1216  540 543 548 562 -hsync +vsync (33.5 kHz d)
[ 11905.362] (II) modeset(0): Modeline "960x540"x59.8   37.25  960 1008 1040 1120  540 543 548 556 +hsync -vsync (33.3 kHz d)
[ 11905.362] (II) modeset(0): Modeline "800x600"x120.0   81.00  800 832 928 1080  600 600 602 625 doublescan +hsync +vsync (75.0 kHz d)
[ 11905.362] (II) modeset(0): Modeline "800x600"x60.3   40.00  800 840 968 1056  600 601 605 628 +hsync +vsync (37.9 kHz d)
[ 11905.362] (II) modeset(0): Modeline "800x600"x56.2   36.00  800 824 896 1024  600 601 603 625 +hsync +vsync (35.2 kHz d)
[ 11905.362] (II) modeset(0): Modeline "840x525"x120.0   73.12  840 892 980 1120  525 526 529 544 doublescan -hsync +vsync (65.3 kHz d)
[ 11905.362] (II) modeset(0): Modeline "840x525"x119.8   59.50  840 864 880 920  525 526 529 540 doublescan +hsync -vsync (64.7 kHz d)
[ 11905.362] (II) modeset(0): Modeline "864x486"x59.9   32.50  864 888 968 1072  486 489 494 506 -hsync +vsync (30.3 kHz d)
[ 11905.362] (II) modeset(0): Modeline "864x486"x59.6   30.50  864 912 944 1024  486 489 494 500 +hsync -vsync (29.8 kHz d)
[ 11905.362] (II) modeset(0): Modeline "700x525"x120.0   61.00  700 744 820 940  525 526 532 541 doublescan +hsync +vsync (64.9 kHz d)
[ 11905.362] (II) modeset(0): Modeline "800x450"x119.9   59.12  800 848 928 1056  450 451 454 467 doublescan -hsync +vsync (56.0 kHz d)
[ 11905.362] (II) modeset(0): Modeline "800x450"x119.6   48.75  800 824 840 880  450 451 454 463 doublescan +hsync -vsync (55.4 kHz d)
[ 11905.362] (II) modeset(0): Modeline "640x512"x120.0   54.00  640 664 720 844  512 512 514 533 doublescan +hsync +vsync (64.0 kHz d)
[ 11905.362] (II) modeset(0): Modeline "700x450"x119.9   51.75  700 740 812 924  450 451 456 467 doublescan -hsync +vsync (56.0 kHz d)
[ 11905.362] (II) modeset(0): Modeline "700x450"x119.8   43.25  700 724 740 780  450 451 456 463 doublescan +hsync -vsync (55.4 kHz d)
[ 11905.362] (II) modeset(0): Modeline "640x480"x120.0   54.00  640 688 744 900  480 480 482 500 doublescan +hsync +vsync (60.0 kHz d)
[ 11905.362] (II) modeset(0): Modeline "640x480"x59.9   25.18  640 656 752 800  480 490 492 525 -hsync -vsync (31.5 kHz d)
[ 11905.362] (II) modeset(0): Modeline "720x405"x59.5   22.50  720 744 808 896  405 408 413 422 -hsync +vsync (25.1 kHz d)
[ 11905.362] (II) modeset(0): Modeline "720x405"x59.0   21.75  720 768 800 880  405 408 413 419 +hsync -vsync (24.7 kHz d)
[ 11905.362] (II) modeset(0): Modeline "684x384"x119.8   42.62  684 720 788 892  384 385 390 399 doublescan -hsync +vsync (47.8 kHz d)
[ 11905.362] (II) modeset(0): Modeline "684x384"x119.7   36.12  684 708 724 764  384 385 390 395 doublescan +hsync -vsync (47.3 kHz d)
[ 11905.362] (II) modeset(0): Modeline "640x400"x119.8   41.75  640 676 740 840  400 401 404 415 doublescan -hsync +vsync (49.7 kHz d)
[ 11905.362] (II) modeset(0): Modeline "640x400"x120.0   35.50  640 664 680 720  400 401 404 411 doublescan +hsync -vsync (49.3 kHz d)
[ 11905.362] (II) modeset(0): Modeline "640x360"x119.7   37.25  640 672 736 832  360 361 364 374 doublescan -hsync +vsync (44.8 kHz d)
[ 11905.362] (II) modeset(0): Modeline "640x360"x119.7   31.88  640 664 680 720  360 361 364 370 doublescan +hsync -vsync (44.3 kHz d)
[ 11905.362] (II) modeset(0): Modeline "640x360"x59.8   18.00  640 664 720 800  360 363 368 376 -hsync +vsync (22.5 kHz d)
[ 11905.362] (II) modeset(0): Modeline "640x360"x59.3   17.75  640 688 720 800  360 363 368 374 +hsync -vsync (22.2 kHz d)
[ 11905.362] (II) modeset(0): Modeline "512x384"x120.0   32.50  512 524 592 672  384 385 388 403 doublescan -hsync -vsync (48.4 kHz d)
[ 11905.362] (II) modeset(0): Modeline "512x288"x120.0   23.25  512 532 580 648  288 289 292 299 doublescan -hsync +vsync (35.9 kHz d)
[ 11905.362] (II) modeset(0): Modeline "512x288"x119.8   21.00  512 536 552 592  288 289 292 296 doublescan +hsync -vsync (35.5 kHz d)
[ 11905.362] (II) modeset(0): Modeline "480x270"x119.3   20.38  480 496 544 608  270 271 274 281 doublescan -hsync +vsync (33.5 kHz d)
[ 11905.362] (II) modeset(0): Modeline "480x270"x119.6   18.62  480 504 520 560  270 271 274 278 doublescan +hsync -vsync (33.3 kHz d)
[ 11905.362] (II) modeset(0): Modeline "400x300"x120.6   20.00  400 420 484 528  300 300 302 314 doublescan +hsync +vsync (37.9 kHz d)
[ 11905.362] (II) modeset(0): Modeline "400x300"x112.7   18.00  400 412 448 512  300 300 301 312 doublescan +hsync +vsync (35.2 kHz d)
[ 11905.362] (II) modeset(0): Modeline "432x243"x119.8   16.25  432 444 484 536  243 244 247 253 doublescan -hsync +vsync (30.3 kHz d)
[ 11905.362] (II) modeset(0): Modeline "432x243"x119.1   15.25  432 456 472 512  243 244 247 250 doublescan +hsync -vsync (29.8 kHz d)
[ 11905.362] (II) modeset(0): Modeline "320x240"x120.1   12.59  320 328 376 400  240 245 246 262 doublescan -hsync -vsync (31.5 kHz d)
[ 11905.362] (II) modeset(0): Modeline "360x202"x119.0   11.25  360 372 404 448  202 204 206 211 doublescan -hsync +vsync (25.1 kHz d)
[ 11905.362] (II) modeset(0): Modeline "360x202"x118.3   10.88  360 384 400 440  202 204 206 209 doublescan +hsync -vsync (24.7 kHz d)
[ 11905.362] (II) modeset(0): Modeline "320x180"x119.7    9.00  320 332 360 400  180 181 184 188 doublescan -hsync +vsync (22.5 kHz d)
[ 11905.362] (II) modeset(0): Modeline "320x180"x118.6    8.88  320 344 360 400  180 181 184 187 doublescan +hsync -vsync (22.2 kHz d)
[ 11905.362] (II) modeset(0): EDID for output DP-1
[ 11905.542] (II) modeset(0): EDID for output HDMI-1
[ 11905.542] (II) modeset(0): EDID for output DP-2
[ 11905.544] (II) modeset(0): EDID for output HDMI-2
[ 11905.544] (II) modeset(0): Output eDP-1 connected
[ 11905.544] (II) modeset(0): Output DP-1 disconnected
[ 11905.544] (II) modeset(0): Output HDMI-1 disconnected
[ 11905.544] (II) modeset(0): Output DP-2 disconnected
[ 11905.544] (II) modeset(0): Output HDMI-2 disconnected
[ 11905.544] (II) modeset(0): Using exact sizes for initial modes
[ 11905.544] (II) modeset(0): Output eDP-1 using initial mode 1366x768 +0+0
[ 11905.544] (==) modeset(0): Using gamma correction (1.0, 1.0, 1.0)
[ 11905.544] (==) modeset(0): DPI set to (96, 96)
[ 11905.544] (II) Loading sub module "fb"
[ 11905.544] (II) LoadModule: "fb"
[ 11905.544] (II) Module "fb" already built-in
[ 11905.544] (II) UnloadModule: "vesa"
[ 11905.544] (II) Unloading vesa
[ 11905.552] (==) modeset(0): Backing store enabled
[ 11905.552] (==) modeset(0): Silken mouse enabled
[ 11905.621] (II) modeset(0): Initializing kms color map for depth 24, 8 bpc.
[ 11905.621] (==) modeset(0): DPMS enabled
[ 11905.621] (II) modeset(0): [DRI2] Setup complete
[ 11905.621] (II) modeset(0): [DRI2]   DRI driver: iris
[ 11905.621] (II) modeset(0): [DRI2]   VDPAU driver: va_gl
[ 11905.621] (II) Initializing extension Generic Event Extension
[ 11905.621] (II) Initializing extension SHAPE
[ 11905.621] (II) Initializing extension MIT-SHM
[ 11905.622] (II) Initializing extension XInputExtension
[ 11905.622] (II) Initializing extension XTEST
[ 11905.622] (II) Initializing extension BIG-REQUESTS
[ 11905.622] (II) Initializing extension SYNC
[ 11905.622] (II) Initializing extension XKEYBOARD
[ 11905.622] (II) Initializing extension XC-MISC
[ 11905.622] (II) Initializing extension SECURITY
[ 11905.622] (II) Initializing extension XFIXES
[ 11905.622] (II) Initializing extension RENDER
[ 11905.622] (II) Initializing extension RANDR
[ 11905.623] (II) Initializing extension COMPOSITE
[ 11905.623] (II) Initializing extension DAMAGE
[ 11905.623] (II) Initializing extension MIT-SCREEN-SAVER
[ 11905.623] (II) Initializing extension DOUBLE-BUFFER
[ 11905.623] (II) Initializing extension RECORD
[ 11905.623] (II) Initializing extension DPMS
[ 11905.623] (II) Initializing extension Present
[ 11905.623] (II) Initializing extension DRI3
[ 11905.623] (II) Initializing extension X-Resource
[ 11905.623] (II) Initializing extension XVideo
[ 11905.623] (II) Initializing extension XVideo-MotionCompensation
[ 11905.623] (II) Initializing extension GLX
[ 11905.630] (II) AIGLX: Loaded and initialized iris
[ 11905.630] (II) GLX: Initialized DRI2 GL provider for screen 0
[ 11905.630] (II) Initializing extension XFree86-VidModeExtension
[ 11905.630] (II) Initializing extension XFree86-DGA
[ 11905.631] (II) Initializing extension XFree86-DRI
[ 11905.631] (II) Initializing extension DRI2
[ 11905.631] (II) modeset(0): Damage tracking initialized
[ 11905.631] (II) modeset(0): Setting screen physical size to 361 x 203
[ 11905.663] (II) config/udev: Adding input device Power Button (/dev/input/event2)
[ 11905.663] (**) Power Button: Applying InputClass "libinput keyboard catchall"
[ 11905.663] (**) Power Button: Applying InputClass "touchpad catchall"
[ 11905.663] (II) LoadModule: "libinput"
[ 11905.663] (II) Loading /usr/lib/xorg/modules/input/libinput_drv.so
[ 11905.665] (II) Module libinput: vendor="X.Org Foundation"
[ 11905.665] 	compiled for 1.21.1, module version = 1.2.0
[ 11905.665] 	Module class: X.Org XInput Driver
[ 11905.665] 	ABI class: X.Org XInput driver, version 24.4
[ 11905.665] (II) Using input driver 'libinput' for 'Power Button'
[ 11905.665] (II) systemd-logind: got fd for /dev/input/event2 13:66 fd 25 paused 0
[ 11905.665] (**) Power Button: always reports core events
[ 11905.665] (**) Option "Device" "/dev/input/event2"
[ 11905.665] (**) Option "_source" "server/udev"
[ 11905.667] (II) event2  - Power Button: is tagged by udev as: Keyboard
[ 11905.667] (II) event2  - Power Button: device is a keyboard
[ 11905.667] (II) event2  - Power Button: device removed
[ 11905.667] (**) Option "config_info" "udev:/sys/devices/LNXSYSTM:00/LNXPWRBN:00/input/input2/event2"
[ 11905.667] (II) XINPUT: Adding extended input device "Power Button" (type: KEYBOARD, id 6)
[ 11905.668] (II) event2  - Power Button: is tagged by udev as: Keyboard
[ 11905.668] (II) event2  - Power Button: device is a keyboard
[ 11905.668] (II) config/udev: Adding input device Video Bus (/dev/input/event6)
[ 11905.668] (**) Video Bus: Applying InputClass "libinput keyboard catchall"
[ 11905.668] (**) Video Bus: Applying InputClass "touchpad catchall"
[ 11905.668] (II) Using input driver 'libinput' for 'Video Bus'
[ 11905.669] (II) systemd-logind: got fd for /dev/input/event6 13:70 fd 28 paused 0
[ 11905.669] (**) Video Bus: always reports core events
[ 11905.669] (**) Option "Device" "/dev/input/event6"
[ 11905.669] (**) Option "_source" "server/udev"
[ 11905.669] (II) event6  - Video Bus: is tagged by udev as: Keyboard
[ 11905.669] (II) event6  - Video Bus: device is a keyboard
[ 11905.670] (II) event6  - Video Bus: device removed
[ 11905.670] (**) Option "config_info" "udev:/sys/devices/LNXSYSTM:00/LNXSYBUS:00/PNP0A08:00/LNXVIDEO:00/input/input8/event6"
[ 11905.670] (II) XINPUT: Adding extended input device "Video Bus" (type: KEYBOARD, id 7)
[ 11905.670] (II) event6  - Video Bus: is tagged by udev as: Keyboard
[ 11905.670] (II) event6  - Video Bus: device is a keyboard
[ 11905.671] (II) config/udev: Adding input device Lid Switch (/dev/input/event0)
[ 11905.671] (**) Lid Switch: Applying InputClass "touchpad catchall"
[ 11905.671] (II) Using input driver 'libinput' for 'Lid Switch'
[ 11905.671] (II) systemd-logind: got fd for /dev/input/event0 13:64 fd 29 paused 0
[ 11905.671] (**) Lid Switch: always reports core events
[ 11905.671] (**) Option "Device" "/dev/input/event0"
[ 11905.671] (**) Option "_source" "server/udev"
[ 11905.672] (II) event0  - Lid Switch: is tagged by udev as: Switch
[ 11905.672] (II) event0  - Lid Switch: device is a switch device
[ 11905.672] (II) event0  - Lid Switch: device is a switch device
[ 11905.672] (II) event0  - Lid Switch: device removed
[ 11905.672] (**) Option "config_info" "udev:/sys/devices/LNXSYSTM:00/LNXSYBUS:00/PNP0C0D:00/input/input0/event0"
[ 11905.672] (II) XINPUT: Adding extended input device "Lid Switch" (type: KEYBOARD, id 8)
[ 11905.673] (II) event0  - Lid Switch: is tagged by udev as: Switch
[ 11905.673] (II) event0  - Lid Switch: device is a switch device
[ 11905.673] (II) event0  - Lid Switch: device is a switch device
[ 11905.673] (II) config/udev: Adding input device Sleep Button (/dev/input/event1)
[ 11905.673] (**) Sleep Button: Applying InputClass "libinput keyboard catchall"
[ 11905.673] (**) Sleep Button: Applying InputClass "touchpad catchall"
[ 11905.673] (II) Using input driver 'libinput' for 'Sleep Button'
[ 11905.674] (II) systemd-logind: got fd for /dev/input/event1 13:65 fd 30 paused 0
[ 11905.674] (**) Sleep Button: always reports core events
[ 11905.674] (**) Option "Device" "/dev/input/event1"
[ 11905.674] (**) Option "_source" "server/udev"
[ 11905.674] (II) event1  - Sleep Button: is tagged by udev as: Keyboard
[ 11905.674] (II) event1  - Sleep Button: device is a keyboard
[ 11905.675] (II) event1  - Sleep Button: device removed
[ 11905.675] (**) Option "config_info" "udev:/sys/devices/LNXSYSTM:00/LNXSYBUS:00/PNP0C0E:00/input/input1/event1"
[ 11905.675] (II) XINPUT: Adding extended input device "Sleep Button" (type: KEYBOARD, id 9)
[ 11905.675] (II) event1  - Sleep Button: is tagged by udev as: Keyboard
[ 11905.675] (II) event1  - Sleep Button: device is a keyboard
[ 11905.676] (II) config/udev: Adding input device HDA Intel HDMI HDMI/DP,pcm=7 (/dev/input/event8)
[ 11905.676] (**) HDA Intel HDMI HDMI/DP,pcm=7: Applying InputClass "touchpad catchall"
[ 11905.676] (II) Using input driver 'libinput' for 'HDA Intel HDMI HDMI/DP,pcm=7'
[ 11905.676] (II) systemd-logind: got fd for /dev/input/event8 13:72 fd 31 paused 0
[ 11905.676] (**) HDA Intel HDMI HDMI/DP,pcm=7: always reports core events
[ 11905.676] (**) Option "Device" "/dev/input/event8"
[ 11905.676] (**) Option "_source" "server/udev"
[ 11905.677] (II) event8  - HDA Intel HDMI HDMI/DP,pcm=7: is tagged by udev as: Switch
[ 11905.677] (II) event8  - not using input device '/dev/input/event8'.
[ 11905.677] (EE) libinput: HDA Intel HDMI HDMI/DP,pcm=7: Failed to create a device for /dev/input/event8
[ 11905.677] (EE) PreInit returned 2 for "HDA Intel HDMI HDMI/DP,pcm=7"
[ 11905.677] (II) UnloadModule: "libinput"
[ 11905.677] (II) systemd-logind: releasing fd for 13:72
[ 11905.756] (II) config/udev: Adding input device HDA Intel HDMI HDMI/DP,pcm=8 (/dev/input/event9)
[ 11905.756] (**) HDA Intel HDMI HDMI/DP,pcm=8: Applying InputClass "touchpad catchall"
[ 11905.756] (II) Using input driver 'libinput' for 'HDA Intel HDMI HDMI/DP,pcm=8'
[ 11905.757] (II) systemd-logind: got fd for /dev/input/event9 13:73 fd 31 paused 0
[ 11905.757] (**) HDA Intel HDMI HDMI/DP,pcm=8: always reports core events
[ 11905.757] (**) Option "Device" "/dev/input/event9"
[ 11905.757] (**) Option "_source" "server/udev"
[ 11905.757] (II) event9  - HDA Intel HDMI HDMI/DP,pcm=8: is tagged by udev as: Switch
[ 11905.758] (II) event9  - not using input device '/dev/input/event9'.
[ 11905.758] (EE) libinput: HDA Intel HDMI HDMI/DP,pcm=8: Failed to create a device for /dev/input/event9
[ 11905.758] (EE) PreInit returned 2 for "HDA Intel HDMI HDMI/DP,pcm=8"
[ 11905.758] (II) UnloadModule: "libinput"
[ 11905.758] (II) systemd-logind: releasing fd for 13:73
[ 11905.809] (II) config/udev: Adding input device HDA Intel HDMI HDMI/DP,pcm=9 (/dev/input/event10)
[ 11905.809] (**) HDA Intel HDMI HDMI/DP,pcm=9: Applying InputClass "touchpad catchall"
[ 11905.809] (II) Using input driver 'libinput' for 'HDA Intel HDMI HDMI/DP,pcm=9'
[ 11905.810] (II) systemd-logind: got fd for /dev/input/event10 13:74 fd 31 paused 0
[ 11905.810] (**) HDA Intel HDMI HDMI/DP,pcm=9: always reports core events
[ 11905.810] (**) Option "Device" "/dev/input/event10"
[ 11905.810] (**) Option "_source" "server/udev"
[ 11905.810] (II) event10 - HDA Intel HDMI HDMI/DP,pcm=9: is tagged by udev as: Switch
[ 11905.811] (II) event10 - not using input device '/dev/input/event10'.
[ 11905.811] (EE) libinput: HDA Intel HDMI HDMI/DP,pcm=9: Failed to create a device for /dev/input/event10
[ 11905.811] (EE) PreInit returned 2 for "HDA Intel HDMI HDMI/DP,pcm=9"
[ 11905.811] (II) UnloadModule: "libinput"
[ 11905.811] (II) systemd-logind: releasing fd for 13:74
[ 11905.863] (II) config/udev: Adding input device HDA Intel HDMI HDMI/DP,pcm=10 (/dev/input/event11)
[ 11905.863] (**) HDA Intel HDMI HDMI/DP,pcm=10: Applying InputClass "touchpad catchall"
[ 11905.863] (II) Using input driver 'libinput' for 'HDA Intel HDMI HDMI/DP,pcm=10'
[ 11905.863] (II) systemd-logind: got fd for /dev/input/event11 13:75 fd 31 paused 0
[ 11905.863] (**) HDA Intel HDMI HDMI/DP,pcm=10: always reports core events
[ 11905.863] (**) Option "Device" "/dev/input/event11"
[ 11905.863] (**) Option "_source" "server/udev"
[ 11905.864] (II) event11 - HDA Intel HDMI HDMI/DP,pcm=10: is tagged by udev as: Switch
[ 11905.864] (II) event11 - not using input device '/dev/input/event11'.
[ 11905.864] (EE) libinput: HDA Intel HDMI HDMI/DP,pcm=10: Failed to create a device for /dev/input/event11
[ 11905.864] (EE) PreInit returned 2 for "HDA Intel HDMI HDMI/DP,pcm=10"
[ 11905.864] (II) UnloadModule: "libinput"
[ 11905.864] (II) systemd-logind: releasing fd for 13:75
[ 11905.916] (II) config/udev: Adding input device HDA Intel HDMI HDMI/DP,pcm=3 (/dev/input/event7)
[ 11905.916] (**) HDA Intel HDMI HDMI/DP,pcm=3: Applying InputClass "touchpad catchall"
[ 11905.916] (II) Using input driver 'libinput' for 'HDA Intel HDMI HDMI/DP,pcm=3'
[ 11905.916] (II) systemd-logind: got fd for /dev/input/event7 13:71 fd 31 paused 0
[ 11905.917] (**) HDA Intel HDMI HDMI/DP,pcm=3: always reports core events
[ 11905.917] (**) Option "Device" "/dev/input/event7"
[ 11905.917] (**) Option "_source" "server/udev"
[ 11905.917] (II) event7  - HDA Intel HDMI HDMI/DP,pcm=3: is tagged by udev as: Switch
[ 11905.917] (II) event7  - not using input device '/dev/input/event7'.
[ 11905.917] (EE) libinput: HDA Intel HDMI HDMI/DP,pcm=3: Failed to create a device for /dev/input/event7
[ 11905.918] (EE) PreInit returned 2 for "HDA Intel HDMI HDMI/DP,pcm=3"
[ 11905.918] (II) UnloadModule: "libinput"
[ 11905.918] (II) systemd-logind: releasing fd for 13:71
[ 11905.970] (II) config/udev: Adding input device Logitech B330/M330/M331 (/dev/input/event18)
[ 11905.970] (**) Logitech B330/M330/M331: Applying InputClass "libinput pointer catchall"
[ 11905.970] (**) Logitech B330/M330/M331: Applying InputClass "touchpad catchall"
[ 11905.970] (II) Using input driver 'libinput' for 'Logitech B330/M330/M331'
[ 11905.970] (II) systemd-logind: got fd for /dev/input/event18 13:82 fd 31 paused 0
[ 11905.970] (**) Logitech B330/M330/M331: always reports core events
[ 11905.970] (**) Option "Device" "/dev/input/event18"
[ 11905.970] (**) Option "_source" "server/udev"
[ 11905.972] (II) event18 - Logitech B330/M330/M331: is tagged by udev as: Mouse
[ 11905.972] (II) event18 - Logitech B330/M330/M331: device is a pointer
[ 11905.972] (II) event18 - Logitech B330/M330/M331: device removed
[ 11905.972] (**) Option "config_info" "udev:/sys/devices/pci0000:00/0000:00:14.0/usb2/2-3/2-3:1.2/0003:046D:C52B.0003/0003:046D:4057.0004/input/input29/event18"
[ 11905.972] (II) XINPUT: Adding extended input device "Logitech B330/M330/M331" (type: MOUSE, id 10)
[ 11905.972] (**) Option "AccelerationScheme" "none"
[ 11905.972] (**) Logitech B330/M330/M331: (accel) selected scheme none/0
[ 11905.972] (**) Logitech B330/M330/M331: (accel) acceleration factor: 2.000
[ 11905.972] (**) Logitech B330/M330/M331: (accel) acceleration threshold: 4
[ 11905.973] (II) event18 - Logitech B330/M330/M331: is tagged by udev as: Mouse
[ 11905.973] (II) event18 - Logitech B330/M330/M331: device is a pointer
[ 11905.974] (II) config/udev: Adding input device Logitech B330/M330/M331 (/dev/input/mouse1)
[ 11905.974] (**) Logitech B330/M330/M331: Applying InputClass "touchpad catchall"
[ 11905.974] (II) Using input driver 'libinput' for 'Logitech B330/M330/M331'
[ 11905.974] (**) Logitech B330/M330/M331: always reports core events
[ 11905.974] (**) Option "Device" "/dev/input/mouse1"
[ 11905.974] (**) Option "_source" "server/udev"
[ 11905.974] (EE) xf86OpenSerial: Cannot open device /dev/input/mouse1
	Permission denied.
[ 11905.974] (II) mouse1: opening input device '/dev/input/mouse1' failed (Permission denied).
[ 11905.974] (II) mouse1  - failed to create input device '/dev/input/mouse1'.
[ 11905.974] (EE) libinput: Logitech B330/M330/M331: Failed to create a device for /dev/input/mouse1
[ 11905.974] (EE) PreInit returned 2 for "Logitech B330/M330/M331"
[ 11905.974] (II) UnloadModule: "libinput"
[ 11905.975] (II) config/udev: Adding input device Integrated Camera: Integrated C (/dev/input/event16)
[ 11905.975] (**) Integrated Camera: Integrated C: Applying InputClass "libinput keyboard catchall"
[ 11905.975] (**) Integrated Camera: Integrated C: Applying InputClass "touchpad catchall"
[ 11905.975] (II) Using input driver 'libinput' for 'Integrated Camera: Integrated C'
[ 11905.975] (II) systemd-logind: got fd for /dev/input/event16 13:80 fd 32 paused 0
[ 11905.975] (**) Integrated Camera: Integrated C: always reports core events
[ 11905.975] (**) Option "Device" "/dev/input/event16"
[ 11905.975] (**) Option "_source" "server/udev"
[ 11905.978] (II) event16 - Integrated Camera: Integrated C: is tagged by udev as: Keyboard
[ 11905.978] (II) event16 - Integrated Camera: Integrated C: device is a keyboard
[ 11905.979] (II) event16 - Integrated Camera: Integrated C: device removed
[ 11905.979] (**) Option "config_info" "udev:/sys/devices/pci0000:00/0000:00:14.0/usb2/2-8/2-8:1.0/input/input23/event16"
[ 11905.979] (II) XINPUT: Adding extended input device "Integrated Camera: Integrated C" (type: KEYBOARD, id 11)
[ 11905.982] (II) event16 - Integrated Camera: Integrated C: is tagged by udev as: Keyboard
[ 11905.982] (II) event16 - Integrated Camera: Integrated C: device is a keyboard
[ 11905.983] (II) config/udev: Adding input device HDA Intel PCH Dock Mic (/dev/input/event12)
[ 11905.983] (**) HDA Intel PCH Dock Mic: Applying InputClass "touchpad catchall"
[ 11905.983] (II) Using input driver 'libinput' for 'HDA Intel PCH Dock Mic'
[ 11905.983] (II) systemd-logind: got fd for /dev/input/event12 13:76 fd 33 paused 0
[ 11905.983] (**) HDA Intel PCH Dock Mic: always reports core events
[ 11905.983] (**) Option "Device" "/dev/input/event12"
[ 11905.983] (**) Option "_source" "server/udev"
[ 11905.984] (II) event12 - HDA Intel PCH Dock Mic: is tagged by udev as: Switch
[ 11905.984] (II) event12 - not using input device '/dev/input/event12'.
[ 11905.984] (EE) libinput: HDA Intel PCH Dock Mic: Failed to create a device for /dev/input/event12
[ 11905.984] (EE) PreInit returned 2 for "HDA Intel PCH Dock Mic"
[ 11905.984] (II) UnloadModule: "libinput"
[ 11905.984] (II) systemd-logind: releasing fd for 13:76
[ 11906.049] (II) config/udev: Adding input device HDA Intel PCH Mic (/dev/input/event13)
[ 11906.049] (**) HDA Intel PCH Mic: Applying InputClass "touchpad catchall"
[ 11906.049] (II) Using input driver 'libinput' for 'HDA Intel PCH Mic'
[ 11906.050] (II) systemd-logind: got fd for /dev/input/event13 13:77 fd 33 paused 0
[ 11906.050] (**) HDA Intel PCH Mic: always reports core events
[ 11906.050] (**) Option "Device" "/dev/input/event13"
[ 11906.050] (**) Option "_source" "server/udev"
[ 11906.051] (II) event13 - HDA Intel PCH Mic: is tagged by udev as: Switch
[ 11906.051] (II) event13 - not using input device '/dev/input/event13'.
[ 11906.051] (EE) libinput: HDA Intel PCH Mic: Failed to create a device for /dev/input/event13
[ 11906.051] (EE) PreInit returned 2 for "HDA Intel PCH Mic"
[ 11906.051] (II) UnloadModule: "libinput"
[ 11906.051] (II) systemd-logind: releasing fd for 13:77
[ 11906.103] (II) config/udev: Adding input device HDA Intel PCH Dock Headphone (/dev/input/event14)
[ 11906.103] (**) HDA Intel PCH Dock Headphone: Applying InputClass "touchpad catchall"
[ 11906.103] (II) Using input driver 'libinput' for 'HDA Intel PCH Dock Headphone'
[ 11906.103] (II) systemd-logind: got fd for /dev/input/event14 13:78 fd 33 paused 0
[ 11906.103] (**) HDA Intel PCH Dock Headphone: always reports core events
[ 11906.103] (**) Option "Device" "/dev/input/event14"
[ 11906.103] (**) Option "_source" "server/udev"
[ 11906.104] (II) event14 - HDA Intel PCH Dock Headphone: is tagged by udev as: Switch
[ 11906.104] (II) event14 - not using input device '/dev/input/event14'.
[ 11906.104] (EE) libinput: HDA Intel PCH Dock Headphone: Failed to create a device for /dev/input/event14
[ 11906.104] (EE) PreInit returned 2 for "HDA Intel PCH Dock Headphone"
[ 11906.104] (II) UnloadModule: "libinput"
[ 11906.104] (II) systemd-logind: releasing fd for 13:78
[ 11906.169] (II) config/udev: Adding input device HDA Intel PCH Headphone (/dev/input/event15)
[ 11906.169] (**) HDA Intel PCH Headphone: Applying InputClass "touchpad catchall"
[ 11906.169] (II) Using input driver 'libinput' for 'HDA Intel PCH Headphone'
[ 11906.170] (II) systemd-logind: got fd for /dev/input/event15 13:79 fd 33 paused 0
[ 11906.170] (**) HDA Intel PCH Headphone: always reports core events
[ 11906.170] (**) Option "Device" "/dev/input/event15"
[ 11906.170] (**) Option "_source" "server/udev"
[ 11906.171] (II) event15 - HDA Intel PCH Headphone: is tagged by udev as: Switch
[ 11906.171] (II) event15 - not using input device '/dev/input/event15'.
[ 11906.171] (EE) libinput: HDA Intel PCH Headphone: Failed to create a device for /dev/input/event15
[ 11906.171] (EE) PreInit returned 2 for "HDA Intel PCH Headphone"
[ 11906.171] (II) UnloadModule: "libinput"
[ 11906.171] (II) systemd-logind: releasing fd for 13:79
[ 11906.223] (II) config/udev: Adding input device AT Translated Set 2 keyboard (/dev/input/event3)
[ 11906.223] (**) AT Translated Set 2 keyboard: Applying InputClass "libinput keyboard catchall"
[ 11906.223] (**) AT Translated Set 2 keyboard: Applying InputClass "touchpad catchall"
[ 11906.223] (II) Using input driver 'libinput' for 'AT Translated Set 2 keyboard'
[ 11906.223] (II) systemd-logind: got fd for /dev/input/event3 13:67 fd 33 paused 0
[ 11906.223] (**) AT Translated Set 2 keyboard: always reports core events
[ 11906.223] (**) Option "Device" "/dev/input/event3"
[ 11906.223] (**) Option "_source" "server/udev"
[ 11906.224] (II) event3  - AT Translated Set 2 keyboard: is tagged by udev as: Keyboard
[ 11906.224] (II) event3  - AT Translated Set 2 keyboard: device is a keyboard
[ 11906.225] (II) event3  - AT Translated Set 2 keyboard: device removed
[ 11906.225] (**) Option "config_info" "udev:/sys/devices/platform/i8042/serio0/input/input3/event3"
[ 11906.225] (II) XINPUT: Adding extended input device "AT Translated Set 2 keyboard" (type: KEYBOARD, id 12)
[ 11906.226] (II) event3  - AT Translated Set 2 keyboard: is tagged by udev as: Keyboard
[ 11906.226] (II) event3  - AT Translated Set 2 keyboard: device is a keyboard
[ 11906.227] (II) config/udev: Adding input device SynPS/2 Synaptics TouchPad (/dev/input/event17)
[ 11906.227] (**) SynPS/2 Synaptics TouchPad: Applying InputClass "libinput touchpad catchall"
[ 11906.227] (**) SynPS/2 Synaptics TouchPad: Applying InputClass "touchpad catchall"
[ 11906.227] (II) Using input driver 'libinput' for 'SynPS/2 Synaptics TouchPad'
[ 11906.227] (II) systemd-logind: got fd for /dev/input/event17 13:81 fd 34 paused 0
[ 11906.227] (**) SynPS/2 Synaptics TouchPad: always reports core events
[ 11906.227] (**) Option "Device" "/dev/input/event17"
[ 11906.227] (**) Option "_source" "server/udev"
[ 11906.228] (II) event17 - SynPS/2 Synaptics TouchPad: is tagged by udev as: Touchpad
[ 11906.229] (II) event17 - SynPS/2 Synaptics TouchPad: device is a touchpad
[ 11906.230] (II) event17 - SynPS/2 Synaptics TouchPad: device removed
[ 11906.230] (**) Option "Tapping" "on"
[ 11906.231] (**) Option "config_info" "udev:/sys/devices/platform/i8042/serio1/input/input7/event17"
[ 11906.231] (II) XINPUT: Adding extended input device "SynPS/2 Synaptics TouchPad" (type: TOUCHPAD, id 13)
[ 11906.234] (**) Option "AccelerationScheme" "none"
[ 11906.234] (**) SynPS/2 Synaptics TouchPad: (accel) selected scheme none/0
[ 11906.234] (**) SynPS/2 Synaptics TouchPad: (accel) acceleration factor: 2.000
[ 11906.235] (**) SynPS/2 Synaptics TouchPad: (accel) acceleration threshold: 4
[ 11906.236] (II) event17 - SynPS/2 Synaptics TouchPad: is tagged by udev as: Touchpad
[ 11906.237] (II) event17 - SynPS/2 Synaptics TouchPad: device is a touchpad
[ 11906.238] (II) config/udev: Adding input device SynPS/2 Synaptics TouchPad (/dev/input/mouse0)
[ 11906.238] (**) SynPS/2 Synaptics TouchPad: Applying InputClass "touchpad catchall"
[ 11906.238] (II) Using input driver 'libinput' for 'SynPS/2 Synaptics TouchPad'
[ 11906.238] (**) SynPS/2 Synaptics TouchPad: always reports core events
[ 11906.238] (**) Option "Device" "/dev/input/mouse0"
[ 11906.238] (**) Option "_source" "server/udev"
[ 11906.238] (EE) xf86OpenSerial: Cannot open device /dev/input/mouse0
	Permission denied.
[ 11906.238] (II) mouse0: opening input device '/dev/input/mouse0' failed (Permission denied).
[ 11906.238] (II) mouse0  - failed to create input device '/dev/input/mouse0'.
[ 11906.238] (EE) libinput: SynPS/2 Synaptics TouchPad: Failed to create a device for /dev/input/mouse0
[ 11906.238] (EE) PreInit returned 2 for "SynPS/2 Synaptics TouchPad"
[ 11906.238] (II) UnloadModule: "libinput"
[ 11906.238] (II) config/udev: Adding input device TPPS/2 IBM TrackPoint (/dev/input/event19)
[ 11906.238] (**) TPPS/2 IBM TrackPoint: Applying InputClass "libinput pointer catchall"
[ 11906.238] (**) TPPS/2 IBM TrackPoint: Applying InputClass "touchpad catchall"
[ 11906.238] (II) Using input driver 'libinput' for 'TPPS/2 IBM TrackPoint'
[ 11906.239] (II) systemd-logind: got fd for /dev/input/event19 13:83 fd 35 paused 0
[ 11906.239] (**) TPPS/2 IBM TrackPoint: always reports core events
[ 11906.239] (**) Option "Device" "/dev/input/event19"
[ 11906.239] (**) Option "_source" "server/udev"
[ 11906.240] (II) event19 - TPPS/2 IBM TrackPoint: is tagged by udev as: Mouse Pointingstick
[ 11906.240] (II) event19 - TPPS/2 IBM TrackPoint: device is a pointer
[ 11906.241] (II) event19 - TPPS/2 IBM TrackPoint: device removed
[ 11906.241] (**) Option "config_info" "udev:/sys/devices/platform/i8042/serio1/serio2/input/input24/event19"
[ 11906.241] (II) XINPUT: Adding extended input device "TPPS/2 IBM TrackPoint" (type: MOUSE, id 14)
[ 11906.241] (**) Option "AccelerationScheme" "none"
[ 11906.241] (**) TPPS/2 IBM TrackPoint: (accel) selected scheme none/0
[ 11906.241] (**) TPPS/2 IBM TrackPoint: (accel) acceleration factor: 2.000
[ 11906.241] (**) TPPS/2 IBM TrackPoint: (accel) acceleration threshold: 4
[ 11906.242] (II) event19 - TPPS/2 IBM TrackPoint: is tagged by udev as: Mouse Pointingstick
[ 11906.242] (II) event19 - TPPS/2 IBM TrackPoint: device is a pointer
[ 11906.243] (II) config/udev: Adding input device TPPS/2 IBM TrackPoint (/dev/input/mouse2)
[ 11906.243] (**) TPPS/2 IBM TrackPoint: Applying InputClass "touchpad catchall"
[ 11906.243] (II) Using input driver 'libinput' for 'TPPS/2 IBM TrackPoint'
[ 11906.243] (**) TPPS/2 IBM TrackPoint: always reports core events
[ 11906.243] (**) Option "Device" "/dev/input/mouse2"
[ 11906.243] (**) Option "_source" "server/udev"
[ 11906.243] (EE) xf86OpenSerial: Cannot open device /dev/input/mouse2
	Permission denied.
[ 11906.243] (II) mouse2: opening input device '/dev/input/mouse2' failed (Permission denied).
[ 11906.243] (II) mouse2  - failed to create input device '/dev/input/mouse2'.
[ 11906.243] (EE) libinput: TPPS/2 IBM TrackPoint: Failed to create a device for /dev/input/mouse2
[ 11906.243] (EE) PreInit returned 2 for "TPPS/2 IBM TrackPoint"
[ 11906.243] (II) UnloadModule: "libinput"
[ 11906.243] (II) config/udev: Adding input device PC Speaker (/dev/input/event4)
[ 11906.243] (**) PC Speaker: Applying InputClass "touchpad catchall"
[ 11906.243] (II) Using input driver 'libinput' for 'PC Speaker'
[ 11906.244] (II) systemd-logind: got fd for /dev/input/event4 13:68 fd 36 paused 0
[ 11906.244] (**) PC Speaker: always reports core events
[ 11906.244] (**) Option "Device" "/dev/input/event4"
[ 11906.244] (**) Option "_source" "server/udev"
[ 11906.244] (II) event4  - PC Speaker: not tagged as supported input device
[ 11906.244] (II) event4  - not using input device '/dev/input/event4'.
[ 11906.244] (EE) libinput: PC Speaker: Failed to create a device for /dev/input/event4
[ 11906.244] (EE) PreInit returned 2 for "PC Speaker"
[ 11906.244] (II) UnloadModule: "libinput"
[ 11906.244] (II) systemd-logind: releasing fd for 13:68
[ 11906.304] (II) config/udev: Adding input device ThinkPad Extra Buttons (/dev/input/event5)
[ 11906.304] (**) ThinkPad Extra Buttons: Applying InputClass "libinput keyboard catchall"
[ 11906.304] (**) ThinkPad Extra Buttons: Applying InputClass "touchpad catchall"
[ 11906.304] (II) Using input driver 'libinput' for 'ThinkPad Extra Buttons'
[ 11906.305] (II) systemd-logind: got fd for /dev/input/event5 13:69 fd 36 paused 0
[ 11906.305] (**) ThinkPad Extra Buttons: always reports core events
[ 11906.305] (**) Option "Device" "/dev/input/event5"
[ 11906.305] (**) Option "_source" "server/udev"
[ 11906.305] (II) event5  - ThinkPad Extra Buttons: is tagged by udev as: Keyboard Switch
[ 11906.305] (II) event5  - ThinkPad Extra Buttons: device is a keyboard
[ 11906.306] (II) event5  - ThinkPad Extra Buttons: device removed
[ 11906.306] (**) Option "config_info" "udev:/sys/devices/platform/thinkpad_acpi/input/input5/event5"
[ 11906.306] (II) XINPUT: Adding extended input device "ThinkPad Extra Buttons" (type: KEYBOARD, id 15)
[ 11906.309] (II) event5  - ThinkPad Extra Buttons: is tagged by udev as: Keyboard Switch
[ 11906.309] (II) event5  - ThinkPad Extra Buttons: device is a keyboard
[ 11934.736] (**) Option "fd" "25"
[ 11934.736] (II) event2  - Power Button: device removed
[ 11934.736] (**) Option "fd" "28"
[ 11934.736] (II) event6  - Video Bus: device removed
[ 11934.736] (**) Option "fd" "29"
[ 11934.736] (II) event0  - Lid Switch: device removed
[ 11934.736] (**) Option "fd" "30"
[ 11934.736] (II) event1  - Sleep Button: device removed
[ 11934.736] (**) Option "fd" "31"
[ 11934.736] (II) event18 - Logitech B330/M330/M331: device removed
[ 11934.736] (**) Option "fd" "32"
[ 11934.736] (II) event16 - Integrated Camera: Integrated C: device removed
[ 11934.736] (**) Option "fd" "33"
[ 11934.736] (II) event3  - AT Translated Set 2 keyboard: device removed
[ 11934.736] (**) Option "fd" "34"
[ 11934.736] (II) event17 - SynPS/2 Synaptics TouchPad: device removed
[ 11934.736] (**) Option "fd" "35"
[ 11934.736] (II) event19 - TPPS/2 IBM TrackPoint: device removed
[ 11934.736] (**) Option "fd" "36"
[ 11934.736] (II) event5  - ThinkPad Extra Buttons: device removed
[ 11934.753] (II) UnloadModule: "libinput"
[ 11934.753] (II) systemd-logind: releasing fd for 13:69
[ 11934.786] (II) UnloadModule: "libinput"
[ 11934.786] (II) systemd-logind: releasing fd for 13:83
[ 11934.819] (II) UnloadModule: "libinput"
[ 11934.819] (II) systemd-logind: releasing fd for 13:81
[ 11934.875] (II) UnloadModule: "libinput"
[ 11934.876] (II) systemd-logind: releasing fd for 13:67
[ 11934.902] (II) UnloadModule: "libinput"
[ 11934.902] (II) systemd-logind: releasing fd for 13:80
[ 11934.996] (II) UnloadModule: "libinput"
[ 11934.996] (II) systemd-logind: releasing fd for 13:82
[ 11935.035] (II) UnloadModule: "libinput"
[ 11935.036] (II) systemd-logind: releasing fd for 13:65
[ 11935.076] (II) UnloadModule: "libinput"
[ 11935.076] (II) systemd-logind: releasing fd for 13:64
[ 11935.102] (II) UnloadModule: "libinput"
[ 11935.102] (II) systemd-logind: releasing fd for 13:70
[ 11935.182] (II) UnloadModule: "libinput"
[ 11935.182] (II) systemd-logind: releasing fd for 13:66
[ 11935.272] (II) Server terminated successfully (0). Closing log file.
