[   786.922] 
X.Org X Server 1.21.1.3
X Protocol Version 11, Revision 0
[   786.925] Current Operating System: Linux okoun 5.15.12-artix1-1 #1 SMP PREEMPT Thu, 30 Dec 2021 11:24:09 +0000 x86_64
[   786.925] Kernel command line: BOOT_IMAGE=/vmlinuz-linux root=UUID=34de6af7-f17d-4ccd-a8ac-c60b07b7cf70 rw loglevel=3 quiet
[   786.927]  
[   786.929] Current version of pixman: 0.40.0
[   786.931] 	Before reporting problems, check http://wiki.x.org
	to make sure that you have the latest version.
[   786.931] Markers: (--) probed, (**) from config file, (==) default setting,
	(++) from command line, (!!) notice, (II) informational,
	(WW) warning, (EE) error, (NI) not implemented, (??) unknown.
[   786.934] (==) Log file: "/home/tomas/.local/share/xorg/Xorg.4.log", Time: Fri Jan  7 10:27:20 2022
[   786.935] (==) Using config directory: "/etc/X11/xorg.conf.d"
[   786.936] (==) Using system config directory "/usr/share/X11/xorg.conf.d"
[   786.936] (==) No Layout section.  Using the first Screen section.
[   786.936] (==) No screen section available. Using defaults.
[   786.936] (**) |-->Screen "Default Screen Section" (0)
[   786.936] (**) |   |-->Monitor "<default monitor>"
[   786.936] (==) No monitor specified for screen "Default Screen Section".
	Using a default monitor configuration.
[   786.936] (==) Automatically adding devices
[   786.936] (==) Automatically enabling devices
[   786.936] (==) Automatically adding GPU devices
[   786.936] (==) Automatically binding GPU devices
[   786.936] (==) Max clients allowed: 256, resource mask: 0x1fffff
[   786.936] (WW) The directory "/usr/share/fonts/Type1" does not exist.
[   786.936] 	Entry deleted from font path.
[   786.936] (WW) The directory "/usr/share/fonts/100dpi" does not exist.
[   786.936] 	Entry deleted from font path.
[   786.936] (WW) The directory "/usr/share/fonts/75dpi" does not exist.
[   786.936] 	Entry deleted from font path.
[   786.936] (==) FontPath set to:
	/usr/share/fonts/misc,
	/usr/share/fonts/TTF,
	/usr/share/fonts/OTF
[   786.936] (==) ModulePath set to "/usr/lib/xorg/modules"
[   786.936] (II) The server relies on udev to provide the list of input devices.
	If no devices become available, reconfigure udev or disable AutoAddDevices.
[   786.936] (II) Module ABI versions:
[   786.936] 	X.Org ANSI C Emulation: 0.4
[   786.936] 	X.Org Video Driver: 25.2
[   786.936] 	X.Org XInput driver : 24.4
[   786.936] 	X.Org Server Extension : 10.0
[   786.937] (++) using VT number 1

[   786.938] (II) systemd-logind: took control of session /org/freedesktop/login1/session/_35
[   786.939] (II) xfree86: Adding drm device (/dev/dri/card0)
[   786.939] (II) Platform probe for /sys/devices/pci0000:00/0000:00:02.0/drm/card0
[   786.939] (II) systemd-logind: got fd for /dev/dri/card0 226:0 fd 11 paused 0
[   786.941] (--) PCI:*(0@0:2:0) 8086:1616:17aa:5034 rev 9, Mem @ 0xf0000000/16777216, 0xe0000000/268435456, I/O @ 0x00003000/64, BIOS @ 0x????????/131072
[   786.941] (WW) Open ACPI failed (/var/run/acpid.socket) (No such file or directory)
[   786.941] (II) LoadModule: "glx"
[   786.941] (II) Loading /usr/lib/xorg/modules/extensions/libglx.so
[   786.942] (II) Module glx: vendor="X.Org Foundation"
[   786.942] 	compiled for 1.21.1.3, module version = 1.0.0
[   786.942] 	ABI class: X.Org Server Extension, version 10.0
[   786.942] (==) Matched intel as autoconfigured driver 0
[   786.942] (==) Matched modesetting as autoconfigured driver 1
[   786.942] (==) Matched fbdev as autoconfigured driver 2
[   786.942] (==) Matched vesa as autoconfigured driver 3
[   786.942] (==) Assigned the driver to the xf86ConfigLayout
[   786.942] (II) LoadModule: "intel"
[   786.942] (WW) Warning, couldn't open module intel
[   786.942] (EE) Failed to load module "intel" (module does not exist, 0)
[   786.942] (II) LoadModule: "modesetting"
[   786.942] (II) Loading /usr/lib/xorg/modules/drivers/modesetting_drv.so
[   786.945] (II) Module modesetting: vendor="X.Org Foundation"
[   786.945] 	compiled for 1.21.1.3, module version = 1.21.1
[   786.945] 	Module class: X.Org Video Driver
[   786.945] 	ABI class: X.Org Video Driver, version 25.2
[   786.945] (II) LoadModule: "fbdev"
[   786.945] (WW) Warning, couldn't open module fbdev
[   786.945] (EE) Failed to load module "fbdev" (module does not exist, 0)
[   786.945] (II) LoadModule: "vesa"
[   786.945] (II) Loading /usr/lib/xorg/modules/drivers/vesa_drv.so
[   786.945] (II) Module vesa: vendor="X.Org Foundation"
[   786.945] 	compiled for 1.21.1.1, module version = 2.5.0
[   786.945] 	Module class: X.Org Video Driver
[   786.945] 	ABI class: X.Org Video Driver, version 25.2
[   786.945] (II) modesetting: Driver for Modesetting Kernel Drivers: kms
[   786.945] (II) VESA: driver for VESA chipsets: vesa
[   786.945] xf86EnableIO: failed to enable I/O ports 0000-03ff (Operation not permitted)
[   786.945] (II) modeset(0): using drv /dev/dri/card0
[   786.945] (WW) VGA arbiter: cannot open kernel arbiter, no multi-card support
[   786.945] (II) modeset(0): Creating default Display subsection in Screen section
	"Default Screen Section" for depth/fbbpp 24/32
[   786.945] (==) modeset(0): Depth 24, (==) framebuffer bpp 32
[   786.945] (==) modeset(0): RGB weight 888
[   786.945] (==) modeset(0): Default visual is TrueColor
[   786.945] (II) Loading sub module "glamoregl"
[   786.945] (II) LoadModule: "glamoregl"
[   786.946] (II) Loading /usr/lib/xorg/modules/libglamoregl.so
[   786.948] (II) Module glamoregl: vendor="X.Org Foundation"
[   786.948] 	compiled for 1.21.1.3, module version = 1.0.1
[   786.948] 	ABI class: X.Org ANSI C Emulation, version 0.4
[   786.973] (II) modeset(0): glamor X acceleration enabled on Mesa Intel(R) HD Graphics 5500 (BDW GT2)
[   786.973] (II) modeset(0): glamor initialized
[   786.973] (==) modeset(0): VariableRefresh: disabled
[   786.973] (==) modeset(0): AsyncFlipSecondaries: disabled
[   786.974] (II) modeset(0): Output eDP-1 has no monitor section
[   786.974] (II) modeset(0): Output DP-1 has no monitor section
[   787.155] (II) modeset(0): Output HDMI-1 has no monitor section
[   787.156] (II) modeset(0): Output DP-2 has no monitor section
[   787.157] (II) modeset(0): Output HDMI-2 has no monitor section
[   787.158] (II) modeset(0): EDID for output eDP-1
[   787.158] (II) modeset(0): Manufacturer: CMN  Model: 1490  Serial#: 0
[   787.158] (II) modeset(0): Year: 2013  Week: 40
[   787.158] (II) modeset(0): EDID Version: 1.4
[   787.158] (II) modeset(0): Digital Display Input
[   787.158] (II) modeset(0): 6 bits per channel
[   787.158] (II) modeset(0): Digital interface is DisplayPort
[   787.158] (II) modeset(0): Max Image Size [cm]: horiz.: 31  vert.: 17
[   787.158] (II) modeset(0): Gamma: 2.20
[   787.158] (II) modeset(0): No DPMS capabilities specified
[   787.158] (II) modeset(0): Supported color encodings: RGB 4:4:4 
[   787.158] (II) modeset(0): First detailed timing is preferred mode
[   787.158] (II) modeset(0): Preferred mode is native pixel format and refresh rate
[   787.158] (II) modeset(0): redX: 0.575 redY: 0.335   greenX: 0.327 greenY: 0.580
[   787.158] (II) modeset(0): blueX: 0.157 blueY: 0.137   whiteX: 0.313 whiteY: 0.329
[   787.158] (II) modeset(0): Manufacturer's mask: 0
[   787.158] (II) modeset(0): Supported detailed timing:
[   787.158] (II) modeset(0): clock: 76.4 MHz   Image Size:  309 x 173 mm
[   787.158] (II) modeset(0): h_active: 1366  h_sync: 1434  h_sync_end 1479 h_blank_end 1592 h_border: 0
[   787.158] (II) modeset(0): v_active: 768  v_sync: 772  v_sync_end 779 v_blanking: 800 v_border: 0
[   787.158] (II) modeset(0):  N140BGE-EA3
[   787.158] (II) modeset(0):  CMN
[   787.158] (II) modeset(0):  N140BGE-EA3
[   787.158] (II) modeset(0): EDID (in hex):
[   787.158] (II) modeset(0): 	00ffffffffffff000dae901400000000
[   787.158] (II) modeset(0): 	28170104951f1178027e459355539428
[   787.158] (II) modeset(0): 	23505400000001010101010101010101
[   787.158] (II) modeset(0): 	010101010101da1d56e250002030442d
[   787.158] (II) modeset(0): 	470035ad10000018000000fe004e3134
[   787.158] (II) modeset(0): 	304247452d4541330a20000000fe0043
[   787.158] (II) modeset(0): 	4d4e0a202020202020202020000000fe
[   787.159] (II) modeset(0): 	004e3134304247452d4541330a20007e
[   787.159] (II) modeset(0): Printing probed modes for output eDP-1
[   787.159] (II) modeset(0): Modeline "1366x768"x60.0   76.42  1366 1434 1479 1592  768 772 779 800 -hsync -vsync (48.0 kHz eP)
[   787.159] (II) modeset(0): Modeline "1280x720"x120.0  156.12  1280 1376 1512 1744  720 721 724 746 doublescan -hsync +vsync (89.5 kHz d)
[   787.159] (II) modeset(0): Modeline "1280x720"x120.0  120.75  1280 1304 1320 1360  720 721 724 740 doublescan +hsync -vsync (88.8 kHz d)
[   787.159] (II) modeset(0): Modeline "1280x720"x59.9   74.50  1280 1344 1472 1664  720 723 728 748 -hsync +vsync (44.8 kHz d)
[   787.159] (II) modeset(0): Modeline "1280x720"x59.7   63.75  1280 1328 1360 1440  720 723 728 741 +hsync -vsync (44.3 kHz d)
[   787.159] (II) modeset(0): Modeline "1024x768"x120.1  133.47  1024 1100 1212 1400  768 768 770 794 doublescan -hsync +vsync (95.3 kHz d)
[   787.159] (II) modeset(0): Modeline "1024x768"x60.0   65.00  1024 1048 1184 1344  768 771 777 806 -hsync -vsync (48.4 kHz d)
[   787.159] (II) modeset(0): Modeline "960x720"x120.0  117.00  960 1024 1128 1300  720 720 722 750 doublescan -hsync +vsync (90.0 kHz d)
[   787.159] (II) modeset(0): Modeline "928x696"x120.1  109.15  928 976 1088 1264  696 696 698 719 doublescan -hsync +vsync (86.4 kHz d)
[   787.159] (II) modeset(0): Modeline "896x672"x120.0  102.40  896 960 1060 1224  672 672 674 697 doublescan -hsync +vsync (83.7 kHz d)
[   787.159] (II) modeset(0): Modeline "1024x576"x119.9   98.50  1024 1092 1200 1376  576 577 580 597 doublescan -hsync +vsync (71.6 kHz d)
[   787.159] (II) modeset(0): Modeline "1024x576"x119.9   78.38  1024 1048 1064 1104  576 577 580 592 doublescan +hsync -vsync (71.0 kHz d)
[   787.159] (II) modeset(0): Modeline "1024x576"x59.9   46.50  1024 1064 1160 1296  576 579 584 599 -hsync +vsync (35.9 kHz d)
[   787.159] (II) modeset(0): Modeline "1024x576"x59.8   42.00  1024 1072 1104 1184  576 579 584 593 +hsync -vsync (35.5 kHz d)
[   787.159] (II) modeset(0): Modeline "960x600"x119.9   96.62  960 1028 1128 1296  600 601 604 622 doublescan -hsync +vsync (74.6 kHz d)
[   787.159] (II) modeset(0): Modeline "960x600"x120.0   77.00  960 984 1000 1040  600 601 604 617 doublescan +hsync -vsync (74.0 kHz d)
[   787.159] (II) modeset(0): Modeline "960x540"x119.9   86.50  960 1024 1124 1288  540 541 544 560 doublescan -hsync +vsync (67.2 kHz d)
[   787.159] (II) modeset(0): Modeline "960x540"x120.0   69.25  960 984 1000 1040  540 541 544 555 doublescan +hsync -vsync (66.6 kHz d)
[   787.159] (II) modeset(0): Modeline "960x540"x59.6   40.75  960 992 1088 1216  540 543 548 562 -hsync +vsync (33.5 kHz d)
[   787.159] (II) modeset(0): Modeline "960x540"x59.8   37.25  960 1008 1040 1120  540 543 548 556 +hsync -vsync (33.3 kHz d)
[   787.159] (II) modeset(0): Modeline "800x600"x120.0   81.00  800 832 928 1080  600 600 602 625 doublescan +hsync +vsync (75.0 kHz d)
[   787.159] (II) modeset(0): Modeline "800x600"x60.3   40.00  800 840 968 1056  600 601 605 628 +hsync +vsync (37.9 kHz d)
[   787.159] (II) modeset(0): Modeline "800x600"x56.2   36.00  800 824 896 1024  600 601 603 625 +hsync +vsync (35.2 kHz d)
[   787.159] (II) modeset(0): Modeline "840x525"x120.0   73.12  840 892 980 1120  525 526 529 544 doublescan -hsync +vsync (65.3 kHz d)
[   787.159] (II) modeset(0): Modeline "840x525"x119.8   59.50  840 864 880 920  525 526 529 540 doublescan +hsync -vsync (64.7 kHz d)
[   787.159] (II) modeset(0): Modeline "864x486"x59.9   32.50  864 888 968 1072  486 489 494 506 -hsync +vsync (30.3 kHz d)
[   787.159] (II) modeset(0): Modeline "864x486"x59.6   30.50  864 912 944 1024  486 489 494 500 +hsync -vsync (29.8 kHz d)
[   787.159] (II) modeset(0): Modeline "700x525"x120.0   61.00  700 744 820 940  525 526 532 541 doublescan +hsync +vsync (64.9 kHz d)
[   787.159] (II) modeset(0): Modeline "800x450"x119.9   59.12  800 848 928 1056  450 451 454 467 doublescan -hsync +vsync (56.0 kHz d)
[   787.159] (II) modeset(0): Modeline "800x450"x119.6   48.75  800 824 840 880  450 451 454 463 doublescan +hsync -vsync (55.4 kHz d)
[   787.159] (II) modeset(0): Modeline "640x512"x120.0   54.00  640 664 720 844  512 512 514 533 doublescan +hsync +vsync (64.0 kHz d)
[   787.159] (II) modeset(0): Modeline "700x450"x119.9   51.75  700 740 812 924  450 451 456 467 doublescan -hsync +vsync (56.0 kHz d)
[   787.159] (II) modeset(0): Modeline "700x450"x119.8   43.25  700 724 740 780  450 451 456 463 doublescan +hsync -vsync (55.4 kHz d)
[   787.159] (II) modeset(0): Modeline "640x480"x120.0   54.00  640 688 744 900  480 480 482 500 doublescan +hsync +vsync (60.0 kHz d)
[   787.159] (II) modeset(0): Modeline "640x480"x59.9   25.18  640 656 752 800  480 490 492 525 -hsync -vsync (31.5 kHz d)
[   787.159] (II) modeset(0): Modeline "720x405"x59.5   22.50  720 744 808 896  405 408 413 422 -hsync +vsync (25.1 kHz d)
[   787.159] (II) modeset(0): Modeline "720x405"x59.0   21.75  720 768 800 880  405 408 413 419 +hsync -vsync (24.7 kHz d)
[   787.159] (II) modeset(0): Modeline "684x384"x119.8   42.62  684 720 788 892  384 385 390 399 doublescan -hsync +vsync (47.8 kHz d)
[   787.159] (II) modeset(0): Modeline "684x384"x119.7   36.12  684 708 724 764  384 385 390 395 doublescan +hsync -vsync (47.3 kHz d)
[   787.159] (II) modeset(0): Modeline "640x400"x119.8   41.75  640 676 740 840  400 401 404 415 doublescan -hsync +vsync (49.7 kHz d)
[   787.159] (II) modeset(0): Modeline "640x400"x120.0   35.50  640 664 680 720  400 401 404 411 doublescan +hsync -vsync (49.3 kHz d)
[   787.159] (II) modeset(0): Modeline "640x360"x119.7   37.25  640 672 736 832  360 361 364 374 doublescan -hsync +vsync (44.8 kHz d)
[   787.159] (II) modeset(0): Modeline "640x360"x119.7   31.88  640 664 680 720  360 361 364 370 doublescan +hsync -vsync (44.3 kHz d)
[   787.159] (II) modeset(0): Modeline "640x360"x59.8   18.00  640 664 720 800  360 363 368 376 -hsync +vsync (22.5 kHz d)
[   787.159] (II) modeset(0): Modeline "640x360"x59.3   17.75  640 688 720 800  360 363 368 374 +hsync -vsync (22.2 kHz d)
[   787.159] (II) modeset(0): Modeline "512x384"x120.0   32.50  512 524 592 672  384 385 388 403 doublescan -hsync -vsync (48.4 kHz d)
[   787.159] (II) modeset(0): Modeline "512x288"x120.0   23.25  512 532 580 648  288 289 292 299 doublescan -hsync +vsync (35.9 kHz d)
[   787.159] (II) modeset(0): Modeline "512x288"x119.8   21.00  512 536 552 592  288 289 292 296 doublescan +hsync -vsync (35.5 kHz d)
[   787.159] (II) modeset(0): Modeline "480x270"x119.3   20.38  480 496 544 608  270 271 274 281 doublescan -hsync +vsync (33.5 kHz d)
[   787.159] (II) modeset(0): Modeline "480x270"x119.6   18.62  480 504 520 560  270 271 274 278 doublescan +hsync -vsync (33.3 kHz d)
[   787.159] (II) modeset(0): Modeline "400x300"x120.6   20.00  400 420 484 528  300 300 302 314 doublescan +hsync +vsync (37.9 kHz d)
[   787.159] (II) modeset(0): Modeline "400x300"x112.7   18.00  400 412 448 512  300 300 301 312 doublescan +hsync +vsync (35.2 kHz d)
[   787.159] (II) modeset(0): Modeline "432x243"x119.8   16.25  432 444 484 536  243 244 247 253 doublescan -hsync +vsync (30.3 kHz d)
[   787.159] (II) modeset(0): Modeline "432x243"x119.1   15.25  432 456 472 512  243 244 247 250 doublescan +hsync -vsync (29.8 kHz d)
[   787.159] (II) modeset(0): Modeline "320x240"x120.1   12.59  320 328 376 400  240 245 246 262 doublescan -hsync -vsync (31.5 kHz d)
[   787.159] (II) modeset(0): Modeline "360x202"x119.0   11.25  360 372 404 448  202 204 206 211 doublescan -hsync +vsync (25.1 kHz d)
[   787.159] (II) modeset(0): Modeline "360x202"x118.3   10.88  360 384 400 440  202 204 206 209 doublescan +hsync -vsync (24.7 kHz d)
[   787.159] (II) modeset(0): Modeline "320x180"x119.7    9.00  320 332 360 400  180 181 184 188 doublescan -hsync +vsync (22.5 kHz d)
[   787.159] (II) modeset(0): Modeline "320x180"x118.6    8.88  320 344 360 400  180 181 184 187 doublescan +hsync -vsync (22.2 kHz d)
[   787.159] (II) modeset(0): EDID for output DP-1
[   787.339] (II) modeset(0): EDID for output HDMI-1
[   787.339] (II) modeset(0): EDID for output DP-2
[   787.340] (II) modeset(0): EDID for output HDMI-2
[   787.340] (II) modeset(0): Output eDP-1 connected
[   787.340] (II) modeset(0): Output DP-1 disconnected
[   787.340] (II) modeset(0): Output HDMI-1 disconnected
[   787.340] (II) modeset(0): Output DP-2 disconnected
[   787.340] (II) modeset(0): Output HDMI-2 disconnected
[   787.340] (II) modeset(0): Using exact sizes for initial modes
[   787.340] (II) modeset(0): Output eDP-1 using initial mode 1366x768 +0+0
[   787.340] (==) modeset(0): Using gamma correction (1.0, 1.0, 1.0)
[   787.340] (==) modeset(0): DPI set to (96, 96)
[   787.340] (II) Loading sub module "fb"
[   787.340] (II) LoadModule: "fb"
[   787.340] (II) Module "fb" already built-in
[   787.340] (II) UnloadModule: "vesa"
[   787.340] (II) Unloading vesa
[   787.349] (==) modeset(0): Backing store enabled
[   787.349] (==) modeset(0): Silken mouse enabled
[   787.417] (II) modeset(0): Initializing kms color map for depth 24, 8 bpc.
[   787.417] (==) modeset(0): DPMS enabled
[   787.417] (II) modeset(0): [DRI2] Setup complete
[   787.417] (II) modeset(0): [DRI2]   DRI driver: iris
[   787.417] (II) modeset(0): [DRI2]   VDPAU driver: va_gl
[   787.417] (II) Initializing extension Generic Event Extension
[   787.417] (II) Initializing extension SHAPE
[   787.417] (II) Initializing extension MIT-SHM
[   787.417] (II) Initializing extension XInputExtension
[   787.417] (II) Initializing extension XTEST
[   787.417] (II) Initializing extension BIG-REQUESTS
[   787.418] (II) Initializing extension SYNC
[   787.418] (II) Initializing extension XKEYBOARD
[   787.418] (II) Initializing extension XC-MISC
[   787.418] (II) Initializing extension SECURITY
[   787.418] (II) Initializing extension XFIXES
[   787.418] (II) Initializing extension RENDER
[   787.418] (II) Initializing extension RANDR
[   787.418] (II) Initializing extension COMPOSITE
[   787.418] (II) Initializing extension DAMAGE
[   787.419] (II) Initializing extension MIT-SCREEN-SAVER
[   787.419] (II) Initializing extension DOUBLE-BUFFER
[   787.419] (II) Initializing extension RECORD
[   787.419] (II) Initializing extension DPMS
[   787.419] (II) Initializing extension Present
[   787.419] (II) Initializing extension DRI3
[   787.419] (II) Initializing extension X-Resource
[   787.419] (II) Initializing extension XVideo
[   787.419] (II) Initializing extension XVideo-MotionCompensation
[   787.419] (II) Initializing extension GLX
[   787.425] (II) AIGLX: Loaded and initialized iris
[   787.425] (II) GLX: Initialized DRI2 GL provider for screen 0
[   787.425] (II) Initializing extension XFree86-VidModeExtension
[   787.425] (II) Initializing extension XFree86-DGA
[   787.425] (II) Initializing extension XFree86-DRI
[   787.425] (II) Initializing extension DRI2
[   787.426] (II) modeset(0): Damage tracking initialized
[   787.426] (II) modeset(0): Setting screen physical size to 361 x 203
[   787.458] (II) config/udev: Adding input device Power Button (/dev/input/event2)
[   787.458] (**) Power Button: Applying InputClass "libinput keyboard catchall"
[   787.458] (**) Power Button: Applying InputClass "touchpad catchall"
[   787.458] (II) LoadModule: "libinput"
[   787.458] (II) Loading /usr/lib/xorg/modules/input/libinput_drv.so
[   787.459] (II) Module libinput: vendor="X.Org Foundation"
[   787.459] 	compiled for 1.21.1, module version = 1.2.0
[   787.459] 	Module class: X.Org XInput Driver
[   787.459] 	ABI class: X.Org XInput driver, version 24.4
[   787.459] (II) Using input driver 'libinput' for 'Power Button'
[   787.460] (II) systemd-logind: got fd for /dev/input/event2 13:66 fd 25 paused 0
[   787.460] (**) Power Button: always reports core events
[   787.460] (**) Option "Device" "/dev/input/event2"
[   787.460] (**) Option "_source" "server/udev"
[   787.461] (II) event2  - Power Button: is tagged by udev as: Keyboard
[   787.461] (II) event2  - Power Button: device is a keyboard
[   787.461] (II) event2  - Power Button: device removed
[   787.461] (**) Option "config_info" "udev:/sys/devices/LNXSYSTM:00/LNXPWRBN:00/input/input2/event2"
[   787.461] (II) XINPUT: Adding extended input device "Power Button" (type: KEYBOARD, id 6)
[   787.462] (II) event2  - Power Button: is tagged by udev as: Keyboard
[   787.462] (II) event2  - Power Button: device is a keyboard
[   787.462] (II) config/udev: Adding input device Video Bus (/dev/input/event6)
[   787.462] (**) Video Bus: Applying InputClass "libinput keyboard catchall"
[   787.462] (**) Video Bus: Applying InputClass "touchpad catchall"
[   787.462] (II) Using input driver 'libinput' for 'Video Bus'
[   787.463] (II) systemd-logind: got fd for /dev/input/event6 13:70 fd 28 paused 0
[   787.463] (**) Video Bus: always reports core events
[   787.463] (**) Option "Device" "/dev/input/event6"
[   787.463] (**) Option "_source" "server/udev"
[   787.464] (II) event6  - Video Bus: is tagged by udev as: Keyboard
[   787.464] (II) event6  - Video Bus: device is a keyboard
[   787.464] (II) event6  - Video Bus: device removed
[   787.464] (**) Option "config_info" "udev:/sys/devices/LNXSYSTM:00/LNXSYBUS:00/PNP0A08:00/LNXVIDEO:00/input/input8/event6"
[   787.464] (II) XINPUT: Adding extended input device "Video Bus" (type: KEYBOARD, id 7)
[   787.464] (II) event6  - Video Bus: is tagged by udev as: Keyboard
[   787.465] (II) event6  - Video Bus: device is a keyboard
[   787.465] (II) config/udev: Adding input device Lid Switch (/dev/input/event0)
[   787.465] (**) Lid Switch: Applying InputClass "touchpad catchall"
[   787.465] (II) Using input driver 'libinput' for 'Lid Switch'
[   787.465] (II) systemd-logind: got fd for /dev/input/event0 13:64 fd 29 paused 0
[   787.465] (**) Lid Switch: always reports core events
[   787.465] (**) Option "Device" "/dev/input/event0"
[   787.465] (**) Option "_source" "server/udev"
[   787.466] (II) event0  - Lid Switch: is tagged by udev as: Switch
[   787.466] (II) event0  - Lid Switch: device is a switch device
[   787.466] (II) event0  - Lid Switch: device is a switch device
[   787.466] (II) event0  - Lid Switch: device removed
[   787.466] (**) Option "config_info" "udev:/sys/devices/LNXSYSTM:00/LNXSYBUS:00/PNP0C0D:00/input/input0/event0"
[   787.466] (II) XINPUT: Adding extended input device "Lid Switch" (type: KEYBOARD, id 8)
[   787.467] (II) event0  - Lid Switch: is tagged by udev as: Switch
[   787.467] (II) event0  - Lid Switch: device is a switch device
[   787.467] (II) event0  - Lid Switch: device is a switch device
[   787.467] (II) config/udev: Adding input device Sleep Button (/dev/input/event1)
[   787.467] (**) Sleep Button: Applying InputClass "libinput keyboard catchall"
[   787.467] (**) Sleep Button: Applying InputClass "touchpad catchall"
[   787.467] (II) Using input driver 'libinput' for 'Sleep Button'
[   787.468] (II) systemd-logind: got fd for /dev/input/event1 13:65 fd 30 paused 0
[   787.468] (**) Sleep Button: always reports core events
[   787.468] (**) Option "Device" "/dev/input/event1"
[   787.468] (**) Option "_source" "server/udev"
[   787.469] (II) event1  - Sleep Button: is tagged by udev as: Keyboard
[   787.469] (II) event1  - Sleep Button: device is a keyboard
[   787.469] (II) event1  - Sleep Button: device removed
[   787.469] (**) Option "config_info" "udev:/sys/devices/LNXSYSTM:00/LNXSYBUS:00/PNP0C0E:00/input/input1/event1"
[   787.469] (II) XINPUT: Adding extended input device "Sleep Button" (type: KEYBOARD, id 9)
[   787.469] (II) event1  - Sleep Button: is tagged by udev as: Keyboard
[   787.470] (II) event1  - Sleep Button: device is a keyboard
[   787.470] (II) config/udev: Adding input device HDA Intel HDMI HDMI/DP,pcm=7 (/dev/input/event8)
[   787.470] (**) HDA Intel HDMI HDMI/DP,pcm=7: Applying InputClass "touchpad catchall"
[   787.470] (II) Using input driver 'libinput' for 'HDA Intel HDMI HDMI/DP,pcm=7'
[   787.471] (II) systemd-logind: got fd for /dev/input/event8 13:72 fd 31 paused 0
[   787.471] (**) HDA Intel HDMI HDMI/DP,pcm=7: always reports core events
[   787.471] (**) Option "Device" "/dev/input/event8"
[   787.471] (**) Option "_source" "server/udev"
[   787.471] (II) event8  - HDA Intel HDMI HDMI/DP,pcm=7: is tagged by udev as: Switch
[   787.471] (II) event8  - not using input device '/dev/input/event8'.
[   787.471] (EE) libinput: HDA Intel HDMI HDMI/DP,pcm=7: Failed to create a device for /dev/input/event8
[   787.471] (EE) PreInit returned 2 for "HDA Intel HDMI HDMI/DP,pcm=7"
[   787.471] (II) UnloadModule: "libinput"
[   787.471] (II) systemd-logind: releasing fd for 13:72
[   787.550] (II) config/udev: Adding input device HDA Intel HDMI HDMI/DP,pcm=8 (/dev/input/event9)
[   787.550] (**) HDA Intel HDMI HDMI/DP,pcm=8: Applying InputClass "touchpad catchall"
[   787.550] (II) Using input driver 'libinput' for 'HDA Intel HDMI HDMI/DP,pcm=8'
[   787.551] (II) systemd-logind: got fd for /dev/input/event9 13:73 fd 31 paused 0
[   787.551] (**) HDA Intel HDMI HDMI/DP,pcm=8: always reports core events
[   787.551] (**) Option "Device" "/dev/input/event9"
[   787.552] (**) Option "_source" "server/udev"
[   787.553] (II) event9  - HDA Intel HDMI HDMI/DP,pcm=8: is tagged by udev as: Switch
[   787.553] (II) event9  - not using input device '/dev/input/event9'.
[   787.553] (EE) libinput: HDA Intel HDMI HDMI/DP,pcm=8: Failed to create a device for /dev/input/event9
[   787.553] (EE) PreInit returned 2 for "HDA Intel HDMI HDMI/DP,pcm=8"
[   787.553] (II) UnloadModule: "libinput"
[   787.553] (II) systemd-logind: releasing fd for 13:73
[   787.629] (II) config/udev: Adding input device HDA Intel HDMI HDMI/DP,pcm=9 (/dev/input/event10)
[   787.629] (**) HDA Intel HDMI HDMI/DP,pcm=9: Applying InputClass "touchpad catchall"
[   787.629] (II) Using input driver 'libinput' for 'HDA Intel HDMI HDMI/DP,pcm=9'
[   787.630] (II) systemd-logind: got fd for /dev/input/event10 13:74 fd 31 paused 0
[   787.630] (**) HDA Intel HDMI HDMI/DP,pcm=9: always reports core events
[   787.630] (**) Option "Device" "/dev/input/event10"
[   787.630] (**) Option "_source" "server/udev"
[   787.633] (II) event10 - HDA Intel HDMI HDMI/DP,pcm=9: is tagged by udev as: Switch
[   787.633] (II) event10 - not using input device '/dev/input/event10'.
[   787.633] (EE) libinput: HDA Intel HDMI HDMI/DP,pcm=9: Failed to create a device for /dev/input/event10
[   787.633] (EE) PreInit returned 2 for "HDA Intel HDMI HDMI/DP,pcm=9"
[   787.633] (II) UnloadModule: "libinput"
[   787.633] (II) systemd-logind: releasing fd for 13:74
[   787.709] (II) config/udev: Adding input device HDA Intel HDMI HDMI/DP,pcm=10 (/dev/input/event11)
[   787.709] (**) HDA Intel HDMI HDMI/DP,pcm=10: Applying InputClass "touchpad catchall"
[   787.709] (II) Using input driver 'libinput' for 'HDA Intel HDMI HDMI/DP,pcm=10'
[   787.710] (II) systemd-logind: got fd for /dev/input/event11 13:75 fd 31 paused 0
[   787.710] (**) HDA Intel HDMI HDMI/DP,pcm=10: always reports core events
[   787.710] (**) Option "Device" "/dev/input/event11"
[   787.710] (**) Option "_source" "server/udev"
[   787.713] (II) event11 - HDA Intel HDMI HDMI/DP,pcm=10: is tagged by udev as: Switch
[   787.713] (II) event11 - not using input device '/dev/input/event11'.
[   787.713] (EE) libinput: HDA Intel HDMI HDMI/DP,pcm=10: Failed to create a device for /dev/input/event11
[   787.713] (EE) PreInit returned 2 for "HDA Intel HDMI HDMI/DP,pcm=10"
[   787.713] (II) UnloadModule: "libinput"
[   787.713] (II) systemd-logind: releasing fd for 13:75
[   787.776] (II) config/udev: Adding input device HDA Intel HDMI HDMI/DP,pcm=3 (/dev/input/event7)
[   787.776] (**) HDA Intel HDMI HDMI/DP,pcm=3: Applying InputClass "touchpad catchall"
[   787.776] (II) Using input driver 'libinput' for 'HDA Intel HDMI HDMI/DP,pcm=3'
[   787.776] (II) systemd-logind: got fd for /dev/input/event7 13:71 fd 31 paused 0
[   787.776] (**) HDA Intel HDMI HDMI/DP,pcm=3: always reports core events
[   787.776] (**) Option "Device" "/dev/input/event7"
[   787.777] (**) Option "_source" "server/udev"
[   787.777] (II) event7  - HDA Intel HDMI HDMI/DP,pcm=3: is tagged by udev as: Switch
[   787.777] (II) event7  - not using input device '/dev/input/event7'.
[   787.777] (EE) libinput: HDA Intel HDMI HDMI/DP,pcm=3: Failed to create a device for /dev/input/event7
[   787.777] (EE) PreInit returned 2 for "HDA Intel HDMI HDMI/DP,pcm=3"
[   787.777] (II) UnloadModule: "libinput"
[   787.777] (II) systemd-logind: releasing fd for 13:71
[   787.843] (II) config/udev: Adding input device Logitech B330/M330/M331 (/dev/input/event17)
[   787.843] (**) Logitech B330/M330/M331: Applying InputClass "libinput pointer catchall"
[   787.843] (**) Logitech B330/M330/M331: Applying InputClass "touchpad catchall"
[   787.843] (II) Using input driver 'libinput' for 'Logitech B330/M330/M331'
[   787.844] (II) systemd-logind: got fd for /dev/input/event17 13:81 fd 31 paused 0
[   787.844] (**) Logitech B330/M330/M331: always reports core events
[   787.844] (**) Option "Device" "/dev/input/event17"
[   787.844] (**) Option "_source" "server/udev"
[   787.846] (II) event17 - Logitech B330/M330/M331: is tagged by udev as: Mouse
[   787.847] (II) event17 - Logitech B330/M330/M331: device is a pointer
[   787.847] (II) event17 - Logitech B330/M330/M331: device removed
[   787.847] (**) Option "config_info" "udev:/sys/devices/pci0000:00/0000:00:14.0/usb2/2-3/2-3:1.2/0003:046D:C52B.0003/0003:046D:4057.0004/input/input29/event17"
[   787.847] (II) XINPUT: Adding extended input device "Logitech B330/M330/M331" (type: MOUSE, id 10)
[   787.847] (**) Option "AccelerationScheme" "none"
[   787.847] (**) Logitech B330/M330/M331: (accel) selected scheme none/0
[   787.847] (**) Logitech B330/M330/M331: (accel) acceleration factor: 2.000
[   787.847] (**) Logitech B330/M330/M331: (accel) acceleration threshold: 4
[   787.848] (II) event17 - Logitech B330/M330/M331: is tagged by udev as: Mouse
[   787.848] (II) event17 - Logitech B330/M330/M331: device is a pointer
[   787.849] (II) config/udev: Adding input device Logitech B330/M330/M331 (/dev/input/mouse1)
[   787.849] (**) Logitech B330/M330/M331: Applying InputClass "touchpad catchall"
[   787.849] (II) Using input driver 'libinput' for 'Logitech B330/M330/M331'
[   787.849] (**) Logitech B330/M330/M331: always reports core events
[   787.849] (**) Option "Device" "/dev/input/mouse1"
[   787.849] (**) Option "_source" "server/udev"
[   787.849] (EE) xf86OpenSerial: Cannot open device /dev/input/mouse1
	Permission denied.
[   787.849] (II) mouse1: opening input device '/dev/input/mouse1' failed (Permission denied).
[   787.849] (II) mouse1  - failed to create input device '/dev/input/mouse1'.
[   787.849] (EE) libinput: Logitech B330/M330/M331: Failed to create a device for /dev/input/mouse1
[   787.849] (EE) PreInit returned 2 for "Logitech B330/M330/M331"
[   787.849] (II) UnloadModule: "libinput"
[   787.850] (II) config/udev: Adding input device Integrated Camera: Integrated C (/dev/input/event20)
[   787.850] (**) Integrated Camera: Integrated C: Applying InputClass "libinput keyboard catchall"
[   787.850] (**) Integrated Camera: Integrated C: Applying InputClass "touchpad catchall"
[   787.850] (II) Using input driver 'libinput' for 'Integrated Camera: Integrated C'
[   787.850] (II) systemd-logind: got fd for /dev/input/event20 13:84 fd 32 paused 0
[   787.850] (**) Integrated Camera: Integrated C: always reports core events
[   787.850] (**) Option "Device" "/dev/input/event20"
[   787.850] (**) Option "_source" "server/udev"
[   787.851] (II) event20 - Integrated Camera: Integrated C: is tagged by udev as: Keyboard
[   787.851] (II) event20 - Integrated Camera: Integrated C: device is a keyboard
[   787.851] (II) event20 - Integrated Camera: Integrated C: device removed
[   787.851] (**) Option "config_info" "udev:/sys/devices/pci0000:00/0000:00:14.0/usb2/2-8/2-8:1.0/input/input23/event20"
[   787.851] (II) XINPUT: Adding extended input device "Integrated Camera: Integrated C" (type: KEYBOARD, id 11)
[   787.853] (II) event20 - Integrated Camera: Integrated C: is tagged by udev as: Keyboard
[   787.853] (II) event20 - Integrated Camera: Integrated C: device is a keyboard
[   787.854] (II) config/udev: Adding input device HDA Intel PCH Dock Mic (/dev/input/event12)
[   787.854] (**) HDA Intel PCH Dock Mic: Applying InputClass "touchpad catchall"
[   787.854] (II) Using input driver 'libinput' for 'HDA Intel PCH Dock Mic'
[   787.855] (II) systemd-logind: got fd for /dev/input/event12 13:76 fd 33 paused 0
[   787.856] (**) HDA Intel PCH Dock Mic: always reports core events
[   787.856] (**) Option "Device" "/dev/input/event12"
[   787.856] (**) Option "_source" "server/udev"
[   787.856] (II) event12 - HDA Intel PCH Dock Mic: is tagged by udev as: Switch
[   787.856] (II) event12 - not using input device '/dev/input/event12'.
[   787.856] (EE) libinput: HDA Intel PCH Dock Mic: Failed to create a device for /dev/input/event12
[   787.856] (EE) PreInit returned 2 for "HDA Intel PCH Dock Mic"
[   787.856] (II) UnloadModule: "libinput"
[   787.856] (II) systemd-logind: releasing fd for 13:76
[   787.936] (II) config/udev: Adding input device HDA Intel PCH Mic (/dev/input/event13)
[   787.936] (**) HDA Intel PCH Mic: Applying InputClass "touchpad catchall"
[   787.936] (II) Using input driver 'libinput' for 'HDA Intel PCH Mic'
[   787.936] (II) systemd-logind: got fd for /dev/input/event13 13:77 fd 33 paused 0
[   787.936] (**) HDA Intel PCH Mic: always reports core events
[   787.937] (**) Option "Device" "/dev/input/event13"
[   787.937] (**) Option "_source" "server/udev"
[   787.937] (II) event13 - HDA Intel PCH Mic: is tagged by udev as: Switch
[   787.937] (II) event13 - not using input device '/dev/input/event13'.
[   787.937] (EE) libinput: HDA Intel PCH Mic: Failed to create a device for /dev/input/event13
[   787.937] (EE) PreInit returned 2 for "HDA Intel PCH Mic"
[   787.937] (II) UnloadModule: "libinput"
[   787.937] (II) systemd-logind: releasing fd for 13:77
[   787.989] (II) config/udev: Adding input device HDA Intel PCH Dock Headphone (/dev/input/event14)
[   787.989] (**) HDA Intel PCH Dock Headphone: Applying InputClass "touchpad catchall"
[   787.989] (II) Using input driver 'libinput' for 'HDA Intel PCH Dock Headphone'
[   787.990] (II) systemd-logind: got fd for /dev/input/event14 13:78 fd 33 paused 0
[   787.990] (**) HDA Intel PCH Dock Headphone: always reports core events
[   787.990] (**) Option "Device" "/dev/input/event14"
[   787.990] (**) Option "_source" "server/udev"
[   787.990] (II) event14 - HDA Intel PCH Dock Headphone: is tagged by udev as: Switch
[   787.991] (II) event14 - not using input device '/dev/input/event14'.
[   787.991] (EE) libinput: HDA Intel PCH Dock Headphone: Failed to create a device for /dev/input/event14
[   787.991] (EE) PreInit returned 2 for "HDA Intel PCH Dock Headphone"
[   787.991] (II) UnloadModule: "libinput"
[   787.991] (II) systemd-logind: releasing fd for 13:78
[   788.043] (II) config/udev: Adding input device HDA Intel PCH Headphone (/dev/input/event15)
[   788.043] (**) HDA Intel PCH Headphone: Applying InputClass "touchpad catchall"
[   788.043] (II) Using input driver 'libinput' for 'HDA Intel PCH Headphone'
[   788.043] (II) systemd-logind: got fd for /dev/input/event15 13:79 fd 33 paused 0
[   788.043] (**) HDA Intel PCH Headphone: always reports core events
[   788.043] (**) Option "Device" "/dev/input/event15"
[   788.043] (**) Option "_source" "server/udev"
[   788.045] (II) event15 - HDA Intel PCH Headphone: is tagged by udev as: Switch
[   788.046] (II) event15 - not using input device '/dev/input/event15'.
[   788.046] (EE) libinput: HDA Intel PCH Headphone: Failed to create a device for /dev/input/event15
[   788.046] (EE) PreInit returned 2 for "HDA Intel PCH Headphone"
[   788.046] (II) UnloadModule: "libinput"
[   788.046] (II) systemd-logind: releasing fd for 13:79
[   788.123] (II) config/udev: Adding input device AT Translated Set 2 keyboard (/dev/input/event3)
[   788.123] (**) AT Translated Set 2 keyboard: Applying InputClass "libinput keyboard catchall"
[   788.123] (**) AT Translated Set 2 keyboard: Applying InputClass "touchpad catchall"
[   788.123] (II) Using input driver 'libinput' for 'AT Translated Set 2 keyboard'
[   788.123] (II) systemd-logind: got fd for /dev/input/event3 13:67 fd 33 paused 0
[   788.123] (**) AT Translated Set 2 keyboard: always reports core events
[   788.123] (**) Option "Device" "/dev/input/event3"
[   788.123] (**) Option "_source" "server/udev"
[   788.124] (II) event3  - AT Translated Set 2 keyboard: is tagged by udev as: Keyboard
[   788.124] (II) event3  - AT Translated Set 2 keyboard: device is a keyboard
[   788.125] (II) event3  - AT Translated Set 2 keyboard: device removed
[   788.125] (**) Option "config_info" "udev:/sys/devices/platform/i8042/serio0/input/input3/event3"
[   788.125] (II) XINPUT: Adding extended input device "AT Translated Set 2 keyboard" (type: KEYBOARD, id 12)
[   788.125] (II) event3  - AT Translated Set 2 keyboard: is tagged by udev as: Keyboard
[   788.126] (II) event3  - AT Translated Set 2 keyboard: device is a keyboard
[   788.126] (II) config/udev: Adding input device SynPS/2 Synaptics TouchPad (/dev/input/event16)
[   788.126] (**) SynPS/2 Synaptics TouchPad: Applying InputClass "libinput touchpad catchall"
[   788.126] (**) SynPS/2 Synaptics TouchPad: Applying InputClass "touchpad catchall"
[   788.126] (II) Using input driver 'libinput' for 'SynPS/2 Synaptics TouchPad'
[   788.127] (II) systemd-logind: got fd for /dev/input/event16 13:80 fd 34 paused 0
[   788.127] (**) SynPS/2 Synaptics TouchPad: always reports core events
[   788.127] (**) Option "Device" "/dev/input/event16"
[   788.127] (**) Option "_source" "server/udev"
[   788.128] (II) event16 - SynPS/2 Synaptics TouchPad: is tagged by udev as: Touchpad
[   788.129] (II) event16 - SynPS/2 Synaptics TouchPad: device is a touchpad
[   788.129] (II) event16 - SynPS/2 Synaptics TouchPad: device removed
[   788.129] (**) Option "Tapping" "on"
[   788.130] (**) Option "config_info" "udev:/sys/devices/platform/i8042/serio1/input/input6/event16"
[   788.130] (II) XINPUT: Adding extended input device "SynPS/2 Synaptics TouchPad" (type: TOUCHPAD, id 13)
[   788.134] (**) Option "AccelerationScheme" "none"
[   788.134] (**) SynPS/2 Synaptics TouchPad: (accel) selected scheme none/0
[   788.134] (**) SynPS/2 Synaptics TouchPad: (accel) acceleration factor: 2.000
[   788.134] (**) SynPS/2 Synaptics TouchPad: (accel) acceleration threshold: 4
[   788.136] (II) event16 - SynPS/2 Synaptics TouchPad: is tagged by udev as: Touchpad
[   788.137] (II) event16 - SynPS/2 Synaptics TouchPad: device is a touchpad
[   788.138] (II) config/udev: Adding input device SynPS/2 Synaptics TouchPad (/dev/input/mouse0)
[   788.138] (**) SynPS/2 Synaptics TouchPad: Applying InputClass "touchpad catchall"
[   788.138] (II) Using input driver 'libinput' for 'SynPS/2 Synaptics TouchPad'
[   788.138] (**) SynPS/2 Synaptics TouchPad: always reports core events
[   788.138] (**) Option "Device" "/dev/input/mouse0"
[   788.138] (**) Option "_source" "server/udev"
[   788.138] (EE) xf86OpenSerial: Cannot open device /dev/input/mouse0
	Permission denied.
[   788.138] (II) mouse0: opening input device '/dev/input/mouse0' failed (Permission denied).
[   788.138] (II) mouse0  - failed to create input device '/dev/input/mouse0'.
[   788.138] (EE) libinput: SynPS/2 Synaptics TouchPad: Failed to create a device for /dev/input/mouse0
[   788.138] (EE) PreInit returned 2 for "SynPS/2 Synaptics TouchPad"
[   788.138] (II) UnloadModule: "libinput"
[   788.138] (II) config/udev: Adding input device TPPS/2 IBM TrackPoint (/dev/input/event18)
[   788.138] (**) TPPS/2 IBM TrackPoint: Applying InputClass "libinput pointer catchall"
[   788.138] (**) TPPS/2 IBM TrackPoint: Applying InputClass "touchpad catchall"
[   788.138] (II) Using input driver 'libinput' for 'TPPS/2 IBM TrackPoint'
[   788.139] (II) systemd-logind: got fd for /dev/input/event18 13:82 fd 35 paused 0
[   788.139] (**) TPPS/2 IBM TrackPoint: always reports core events
[   788.139] (**) Option "Device" "/dev/input/event18"
[   788.139] (**) Option "_source" "server/udev"
[   788.139] (II) event18 - TPPS/2 IBM TrackPoint: is tagged by udev as: Mouse Pointingstick
[   788.140] (II) event18 - TPPS/2 IBM TrackPoint: device is a pointer
[   788.140] (II) event18 - TPPS/2 IBM TrackPoint: device removed
[   788.140] (**) Option "config_info" "udev:/sys/devices/platform/i8042/serio1/serio2/input/input24/event18"
[   788.140] (II) XINPUT: Adding extended input device "TPPS/2 IBM TrackPoint" (type: MOUSE, id 14)
[   788.141] (**) Option "AccelerationScheme" "none"
[   788.141] (**) TPPS/2 IBM TrackPoint: (accel) selected scheme none/0
[   788.141] (**) TPPS/2 IBM TrackPoint: (accel) acceleration factor: 2.000
[   788.141] (**) TPPS/2 IBM TrackPoint: (accel) acceleration threshold: 4
[   788.141] (II) event18 - TPPS/2 IBM TrackPoint: is tagged by udev as: Mouse Pointingstick
[   788.142] (II) event18 - TPPS/2 IBM TrackPoint: device is a pointer
[   788.143] (II) config/udev: Adding input device TPPS/2 IBM TrackPoint (/dev/input/mouse2)
[   788.143] (**) TPPS/2 IBM TrackPoint: Applying InputClass "touchpad catchall"
[   788.143] (II) Using input driver 'libinput' for 'TPPS/2 IBM TrackPoint'
[   788.143] (**) TPPS/2 IBM TrackPoint: always reports core events
[   788.143] (**) Option "Device" "/dev/input/mouse2"
[   788.143] (**) Option "_source" "server/udev"
[   788.143] (EE) xf86OpenSerial: Cannot open device /dev/input/mouse2
	Permission denied.
[   788.143] (II) mouse2: opening input device '/dev/input/mouse2' failed (Permission denied).
[   788.143] (II) mouse2  - failed to create input device '/dev/input/mouse2'.
[   788.143] (EE) libinput: TPPS/2 IBM TrackPoint: Failed to create a device for /dev/input/mouse2
[   788.143] (EE) PreInit returned 2 for "TPPS/2 IBM TrackPoint"
[   788.143] (II) UnloadModule: "libinput"
[   788.143] (II) config/udev: Adding input device PC Speaker (/dev/input/event4)
[   788.143] (**) PC Speaker: Applying InputClass "touchpad catchall"
[   788.143] (II) Using input driver 'libinput' for 'PC Speaker'
[   788.144] (II) systemd-logind: got fd for /dev/input/event4 13:68 fd 36 paused 0
[   788.144] (**) PC Speaker: always reports core events
[   788.144] (**) Option "Device" "/dev/input/event4"
[   788.144] (**) Option "_source" "server/udev"
[   788.144] (II) event4  - PC Speaker: not tagged as supported input device
[   788.144] (II) event4  - not using input device '/dev/input/event4'.
[   788.144] (EE) libinput: PC Speaker: Failed to create a device for /dev/input/event4
[   788.144] (EE) PreInit returned 2 for "PC Speaker"
[   788.144] (II) UnloadModule: "libinput"
[   788.144] (II) systemd-logind: releasing fd for 13:68
[   788.204] (II) config/udev: Adding input device ThinkPad Extra Buttons (/dev/input/event5)
[   788.204] (**) ThinkPad Extra Buttons: Applying InputClass "libinput keyboard catchall"
[   788.204] (**) ThinkPad Extra Buttons: Applying InputClass "touchpad catchall"
[   788.204] (II) Using input driver 'libinput' for 'ThinkPad Extra Buttons'
[   788.205] (II) systemd-logind: got fd for /dev/input/event5 13:69 fd 36 paused 0
[   788.205] (**) ThinkPad Extra Buttons: always reports core events
[   788.205] (**) Option "Device" "/dev/input/event5"
[   788.205] (**) Option "_source" "server/udev"
[   788.205] (II) event5  - ThinkPad Extra Buttons: is tagged by udev as: Keyboard Switch
[   788.205] (II) event5  - ThinkPad Extra Buttons: device is a keyboard
[   788.206] (II) event5  - ThinkPad Extra Buttons: device removed
[   788.206] (**) Option "config_info" "udev:/sys/devices/platform/thinkpad_acpi/input/input7/event5"
[   788.206] (II) XINPUT: Adding extended input device "ThinkPad Extra Buttons" (type: KEYBOARD, id 15)
[   788.209] (II) event5  - ThinkPad Extra Buttons: is tagged by udev as: Keyboard Switch
[   788.209] (II) event5  - ThinkPad Extra Buttons: device is a keyboard
[  1116.301] (EE) event17 - Logitech B330/M330/M331: client bug: event processing lagging behind by 21ms, your system is too slow
[  1509.566] (**) Option "fd" "25"
[  1509.566] (II) event2  - Power Button: device removed
[  1509.566] (**) Option "fd" "28"
[  1509.566] (II) event6  - Video Bus: device removed
[  1509.566] (**) Option "fd" "29"
[  1509.566] (II) event0  - Lid Switch: device removed
[  1509.566] (**) Option "fd" "30"
[  1509.566] (II) event1  - Sleep Button: device removed
[  1509.566] (**) Option "fd" "31"
[  1509.566] (II) event17 - Logitech B330/M330/M331: device removed
[  1509.566] (**) Option "fd" "32"
[  1509.566] (II) event20 - Integrated Camera: Integrated C: device removed
[  1509.567] (**) Option "fd" "33"
[  1509.567] (II) event3  - AT Translated Set 2 keyboard: device removed
[  1509.567] (**) Option "fd" "34"
[  1509.567] (II) event16 - SynPS/2 Synaptics TouchPad: device removed
[  1509.567] (**) Option "fd" "35"
[  1509.567] (II) event18 - TPPS/2 IBM TrackPoint: device removed
[  1509.567] (**) Option "fd" "36"
[  1509.567] (II) event5  - ThinkPad Extra Buttons: device removed
[  1509.583] (II) UnloadModule: "libinput"
[  1509.583] (II) systemd-logind: releasing fd for 13:69
[  1509.596] (II) UnloadModule: "libinput"
[  1509.596] (II) systemd-logind: releasing fd for 13:82
[  1509.631] (II) UnloadModule: "libinput"
[  1509.631] (II) systemd-logind: releasing fd for 13:80
[  1509.686] (II) UnloadModule: "libinput"
[  1509.686] (II) systemd-logind: releasing fd for 13:67
[  1509.699] (II) UnloadModule: "libinput"
[  1509.699] (II) systemd-logind: releasing fd for 13:84
[  1509.775] (II) UnloadModule: "libinput"
[  1509.775] (II) systemd-logind: releasing fd for 13:81
[  1509.805] (II) UnloadModule: "libinput"
[  1509.805] (II) systemd-logind: releasing fd for 13:65
[  1509.829] (II) UnloadModule: "libinput"
[  1509.829] (II) systemd-logind: releasing fd for 13:64
[  1509.855] (II) UnloadModule: "libinput"
[  1509.855] (II) systemd-logind: releasing fd for 13:70
[  1509.949] (II) UnloadModule: "libinput"
[  1509.949] (II) systemd-logind: releasing fd for 13:66
[  1510.019] (II) Server terminated successfully (0). Closing log file.
